#
# There is insufficient memory for the Java Runtime Environment to continue.
# Native memory allocation (mmap) failed to map 204472320 bytes for Failed to commit area from 0x00000000b0100000 to 0x00000000bc400000 of length 204472320.
# Possible reasons:
#   The system is out of physical RAM or swap space
#   The process is running with CompressedOops enabled, and the Java Heap may be blocking the growth of the native heap
# Possible solutions:
#   Reduce memory load on the system
#   Increase physical memory or swap space
#   Check if swap backing store is full
#   Decrease Java heap size (-Xmx/-Xms)
#   Decrease number of Java threads
#   Decrease Java thread stack sizes (-Xss)
#   Set larger code cache with -XX:ReservedCodeCacheSize=
#   JVM is running with Unscaled Compressed Oops mode in which the Java heap is
#     placed in the first 4GB address space. The Java Heap base address is the
#     maximum limit for the native heap growth. Please use -XX:HeapBaseMinAddress
#     to set the Java Heap base and to place the Java Heap above 4GB virtual address.
# This output file may be truncated or incomplete.
#
#  Out of Memory Error (t:/workspace/open/src/hotspot/os/windows/os_windows.cpp:3301), pid=2368, tid=8672
#
# JRE version: Java(TM) SE Runtime Environment (13.0.2+8) (build 13.0.2+8)
# Java VM: Java HotSpot(TM) 64-Bit Server VM (13.0.2+8, mixed mode, sharing, tiered, compressed oops, g1 gc, windows-amd64)
# No core dump will be written. Minidumps are not enabled by default on client versions of Windows
#

---------------  S U M M A R Y ------------

Command Line: --add-opens=java.base/java.util=ALL-UNNAMED --add-opens=java.base/java.lang=ALL-UNNAMED --add-opens=java.base/java.lang.invoke=ALL-UNNAMED --add-opens=java.prefs/java.util.prefs=ALL-UNNAMED -Xmx1536m -Dfile.encoding=windows-1252 -Duser.country=IN -Duser.language=en -Duser.variant org.gradle.launcher.daemon.bootstrap.GradleDaemon 6.5

Host: AMD PRO A4-4350B R4, 5 COMPUTE CORES 2C+3G     , 2 cores, 3G,  Windows 10 , 64 bit Build 17763 (10.0.17763.1158)
Time: Sat Sep  5 02:52:35 2020 Pacific Daylight Time elapsed time: 2825 seconds (0d 0h 47m 5s)

---------------  T H R E A D  ---------------

Current thread (0x000001aa4f27f800):  VMThread "VM Thread" [stack: 0x00000004cab00000,0x00000004cac00000] [id=8672]

Stack: [0x00000004cab00000,0x00000004cac00000]
[error occurred during error reporting (printing stack bounds), id 0xc0000005, EXCEPTION_ACCESS_VIOLATION (0xc0000005) at pc=0x000001aa3a0d10ad]

Native frames: (J=compiled Java code, j=interpreted, Vv=VM code, C=native code)
V  [jvm.dll+0x624f9a]
V  [jvm.dll+0x770cfa]
V  [jvm.dll+0x7724af]
V  [jvm.dll+0x772a15]
V  [jvm.dll+0x7729cb]
V  [jvm.dll+0x6244df]
C  [ntdll.dll+0x66b26]
C  [ntdll.dll+0x4849]
C  [ntdll.dll+0xa350e]
C  0x000001aa3a0d10ad

VM_Operation (0x00000004d34fc4d0): G1CollectForAllocation, mode: safepoint, requested by thread 0x000001aa553c0800


---------------  P R O C E S S  ---------------

Threads class SMR info:
_java_thread_list=0x000001aa5b7a6a70, length=48, elements={
0x000001aa303c2000, 0x000001aa4f28b000, 0x000001aa4f28d000, 0x000001aa4f2a9800,
0x000001aa4f2ab800, 0x000001aa4f2ad000, 0x000001aa4f2b4800, 0x000001aa4f2cc000,
0x000001aa4fcec800, 0x000001aa4fcef000, 0x000001aa5145c800, 0x000001aa507d8800,
0x000001aa4fc8e000, 0x000001aa5005a800, 0x000001aa5005c800, 0x000001aa5005b800,
0x000001aa523c4000, 0x000001aa523c5800, 0x000001aa515d4000, 0x000001aa515d8800,
0x000001aa55c54000, 0x000001aa55c5f800, 0x000001aa55c5c800, 0x000001aa55c5b800,
0x000001aa55c5f000, 0x000001aa55c5a000, 0x000001aa55c5e000, 0x000001aa55c60800,
0x000001aa55c5b000, 0x000001aa55c61800, 0x000001aa55c62000, 0x000001aa55c63000,
0x000001aa515d9000, 0x000001aa515d7800, 0x000001aa515da000, 0x000001aa515db000,
0x000001aa515d5000, 0x000001aa515df800, 0x000001aa515e1800, 0x000001aa515db800,
0x000001aa523ca000, 0x000001aa553c0800, 0x000001aa553c1800, 0x000001aa553bf000,
0x000001aa553c0000, 0x000001aa553c5800, 0x000001aa553c4000, 0x000001aa553c6800
}

Java Threads: ( => current thread )
  0x000001aa303c2000 JavaThread "main" [_thread_blocked, id=6316, stack(0x00000004ca500000,0x00000004ca600000)]
  0x000001aa4f28b000 JavaThread "Reference Handler" daemon [_thread_blocked, id=8356, stack(0x00000004cac00000,0x00000004cad00000)]
  0x000001aa4f28d000 JavaThread "Finalizer" daemon [_thread_blocked, id=6700, stack(0x00000004cad00000,0x00000004cae00000)]
  0x000001aa4f2a9800 JavaThread "Signal Dispatcher" daemon [_thread_blocked, id=1316, stack(0x00000004cae00000,0x00000004caf00000)]
  0x000001aa4f2ab800 JavaThread "Attach Listener" daemon [_thread_blocked, id=6488, stack(0x00000004caf00000,0x00000004cb000000)]
  0x000001aa4f2ad000 JavaThread "C2 CompilerThread0" daemon [_thread_blocked, id=1336, stack(0x00000004cb000000,0x00000004cb100000)]
  0x000001aa4f2b4800 JavaThread "C1 CompilerThread0" daemon [_thread_blocked, id=2240, stack(0x00000004cb100000,0x00000004cb200000)]
  0x000001aa4f2cc000 JavaThread "Sweeper thread" daemon [_thread_blocked, id=856, stack(0x00000004cb200000,0x00000004cb300000)]
  0x000001aa4fcec800 JavaThread "Common-Cleaner" daemon [_thread_blocked, id=904, stack(0x00000004cb300000,0x00000004cb400000)]
  0x000001aa4fcef000 JavaThread "Service Thread" daemon [_thread_blocked, id=3840, stack(0x00000004cb400000,0x00000004cb500000)]
  0x000001aa5145c800 JavaThread "Daemon health stats" [_thread_blocked, id=4288, stack(0x00000004cb700000,0x00000004cb800000)]
  0x000001aa507d8800 JavaThread "Incoming local TCP Connector on port 54279" [_thread_in_native, id=7680, stack(0x00000004cba00000,0x00000004cbb00000)]
  0x000001aa4fc8e000 JavaThread "Daemon periodic checks" [_thread_blocked, id=8144, stack(0x00000004cbb00000,0x00000004cbc00000)]
  0x000001aa5005a800 JavaThread "Cache worker for journal cache (C:\Users\ELCOT\.gradle\caches\gradle-6.5\caches\journal-1)" [_thread_blocked, id=6464, stack(0x00000004cc300000,0x00000004cc400000)]
  0x000001aa5005c800 JavaThread "File lock request listener" [_thread_in_native, id=896, stack(0x00000004cc400000,0x00000004cc500000)]
  0x000001aa5005b800 JavaThread "Cache worker for file hash cache (C:\Users\ELCOT\.gradle\caches\gradle-6.5\caches\6.5\fileHashes)" [_thread_blocked, id=2312, stack(0x00000004cc500000,0x00000004cc600000)]
  0x000001aa523c4000 JavaThread "Cache worker for execution history cache (C:\Users\ELCOT\.gradle\caches\gradle-6.5\caches\6.5\executionHistory)" [_thread_blocked, id=8440, stack(0x00000004ce200000,0x00000004ce300000)]
  0x000001aa523c5800 JavaThread "Cache worker for file content cache (C:\Users\ELCOT\.gradle\caches\gradle-6.5\caches\6.5\fileContent)" [_thread_blocked, id=3512, stack(0x00000004ce300000,0x00000004ce400000)]
  0x000001aa515d4000 JavaThread "Daemon Thread 3" [_thread_blocked, id=7464, stack(0x00000004ca300000,0x00000004ca400000)]
  0x000001aa515d8800 JavaThread "Daemon worker Thread 3" [_thread_blocked, id=3016, stack(0x00000004cb900000,0x00000004cba00000)]
  0x000001aa55c54000 JavaThread "Memory manager" [_thread_blocked, id=9312, stack(0x00000004d2400000,0x00000004d2500000)]
  0x000001aa55c5f800 JavaThread "Handler for socket connection from /127.0.0.1:54279 to /127.0.0.1:54579" [_thread_in_native, id=6196, stack(0x00000004ca400000,0x00000004ca500000)]
  0x000001aa55c5c800 JavaThread "Cancel handler" [_thread_blocked, id=6244, stack(0x00000004cb800000,0x00000004cb900000)]
  0x000001aa55c5b800 JavaThread "Asynchronous log dispatcher for DefaultDaemonConnection: socket connection from /127.0.0.1:54279 to /127.0.0.1:54579" [_thread_blocked, id=6624, stack(0x00000004cbc00000,0x00000004cbd00000)]
  0x000001aa55c5f000 JavaThread "Thread-321" [_thread_blocked, id=9280, stack(0x00000004cbe00000,0x00000004cbf00000)]
  0x000001aa55c5a000 JavaThread "Cache worker for file hash cache (D:\AndroidStudioProjects\PDFReader\.gradle\6.5\fileHashes)" [_thread_blocked, id=6188, stack(0x00000004cbf00000,0x00000004cc000000)]
  0x000001aa55c5e000 JavaThread "Cache worker for checksums cache (D:\AndroidStudioProjects\PDFReader\.gradle\checksums)" [_thread_blocked, id=9788, stack(0x00000004cc800000,0x00000004cc900000)]
  0x000001aa55c60800 JavaThread "Cache worker for cache directory md-supplier (C:\Users\ELCOT\.gradle\caches\gradle-6.5\caches\6.5\md-supplier)" [_thread_blocked, id=9200, stack(0x00000004cc900000,0x00000004cca00000)]
  0x000001aa55c5b000 JavaThread "Cache worker for cache directory md-rule (C:\Users\ELCOT\.gradle\caches\gradle-6.5\caches\6.5\md-rule)" [_thread_blocked, id=848, stack(0x00000004cca00000,0x00000004ccb00000)]
  0x000001aa55c61800 JavaThread "Build operations" [_thread_blocked, id=488, stack(0x00000004ccb00000,0x00000004ccc00000)]
  0x000001aa55c62000 JavaThread "Build operations Thread 2" [_thread_blocked, id=9128, stack(0x00000004ccc00000,0x00000004ccd00000)]
  0x000001aa55c63000 JavaThread "Cache worker for Build Output Cleanup Cache (D:\AndroidStudioProjects\PDFReader\.gradle\buildOutputCleanup)" [_thread_blocked, id=8312, stack(0x00000004d2200000,0x00000004d2300000)]
  0x000001aa515d9000 JavaThread "Cache worker for file content cache (D:\AndroidStudioProjects\PDFReader\.gradle\6.5\fileContent)" [_thread_blocked, id=9292, stack(0x00000004d2500000,0x00000004d2600000)]
  0x000001aa515d7800 JavaThread "Execution worker for ':'" [_thread_blocked, id=7672, stack(0x00000004d2600000,0x00000004d2700000)]
  0x000001aa515da000 JavaThread "Cache worker for execution history cache (D:\AndroidStudioProjects\PDFReader\.gradle\6.5\executionHistory)" [_thread_blocked, id=7444, stack(0x00000004d2900000,0x00000004d2a00000)]
  0x000001aa515db000 JavaThread "pool-8-thread-1" [_thread_blocked, id=6212, stack(0x00000004d2b00000,0x00000004d2c00000)]
  0x000001aa515d5000 JavaThread "stderr" [_thread_in_native, id=2376, stack(0x00000004d2c00000,0x00000004d2d00000)]
  0x000001aa515df800 JavaThread "stderr" [_thread_in_native, id=1924, stack(0x00000004d2d00000,0x00000004d2e00000)]
  0x000001aa515e1800 JavaThread "stdout" [_thread_in_native, id=2396, stack(0x00000004d2e00000,0x00000004d2f00000)]
  0x000001aa515db800 JavaThread "stdout" [_thread_in_native, id=7420, stack(0x00000004d2f00000,0x00000004d3000000)]
  0x000001aa523ca000 JavaThread "Java2D Disposer" daemon [_thread_blocked, id=4548, stack(0x00000004d3300000,0x00000004d3400000)]
  0x000001aa553c0800 JavaThread "WorkerExecutor Queue Thread 3" [_thread_blocked, id=3416, stack(0x00000004d3400000,0x00000004d3500000)]
  0x000001aa553c1800 JavaThread "Cache worker for Java compile cache (C:\Users\ELCOT\.gradle\caches\gradle-6.5\caches\6.5\javaCompile)" [_thread_blocked, id=9180, stack(0x00000004cbd00000,0x00000004cbe00000)]
  0x000001aa553bf000 JavaThread "Cache worker for Java compile cache (D:\AndroidStudioProjects\PDFReader\.gradle\6.5\javaCompile)" [_thread_blocked, id=10228, stack(0x00000004cc000000,0x00000004cc100000)]
  0x000001aa553c0000 JavaThread "ForkJoinPool.commonPool-worker-1" daemon [_thread_blocked, id=6668, stack(0x00000004cc200000,0x00000004cc300000)]
  0x000001aa553c5800 JavaThread "WorkerExecutor Queue Thread 5" [_thread_blocked, id=4240, stack(0x00000004cc600000,0x00000004cc700000)]
  0x000001aa553c4000 JavaThread "ForkJoinPool-3-worker-3" daemon [_thread_blocked, id=10016, stack(0x00000004cc100000,0x00000004cc200000)]
  0x000001aa553c6800 JavaThread "ForkJoinPool-3-worker-1" daemon [_thread_blocked, id=9648, stack(0x00000004cc700000,0x00000004cc800000)]

Other Threads:
=>0x000001aa4f27f800 VMThread "VM Thread" [stack: 0x00000004cab00000,0x00000004cac00000] [id=8672]
  0x000001aa4fcfd000 WatcherThread [stack: 0x00000004cb500000,0x00000004cb600000] [id=3692]
  0x000001aa303fb000 GCTaskThread "GC Thread#0" [stack: 0x00000004ca600000,0x00000004ca700000] [id=76]
  0x000001aa4fd93800 GCTaskThread "GC Thread#1" [stack: 0x00000004cb600000,0x00000004cb700000] [id=2212]
  0x000001aa30408800 ConcurrentGCThread "G1 Main Marker" [stack: 0x00000004ca700000,0x00000004ca800000] [id=5552]
  0x000001aa30409800 ConcurrentGCThread "G1 Conc#0" [stack: 0x00000004ca800000,0x00000004ca900000] [id=3292]
  0x000001aa30458000 ConcurrentGCThread "G1 Refine#0" [stack: 0x00000004ca900000,0x00000004caa00000] [id=5548]
  0x000001aa5090f000 ConcurrentGCThread "G1 Refine#1" [stack: 0x00000004d2300000,0x00000004d2400000] [id=9928]
  0x000001aa3045a000 ConcurrentGCThread "G1 Young RemSet Sampling" [stack: 0x00000004caa00000,0x00000004cab00000] [id=7068]

Threads with active compile tasks:
C2 CompilerThread0  2825461 23341 %     4       com.android.tools.r8.ir.conversion.K::a @ 390 (1423 bytes)

VM state:at safepoint (normal execution)

VM Mutex/Monitor currently owned by a thread:  ([mutex/lock_event])
[0x000001aa303beae0] Threads_lock - owner thread: 0x000001aa4f27f800
[0x000001aa303be5d0] Heap_lock - owner thread: 0x000001aa553c0800

Heap address: 0x00000000a0000000, size: 1536 MB, Compressed Oops mode: 32-bit
Narrow klass base: 0x0000000800000000, Narrow klass shift: 3
Compressed class space size: 1073741824 Address: 0x0000000800b40000

Heap:
 garbage-first heap   total 462848K, used 157696K [0x00000000a0000000, 0x0000000100000000)
  region size 1024K, 2 young (2048K), 2 survivors (2048K)
 Metaspace       used 123618K, capacity 127186K, committed 127360K, reserved 1161216K
  class space    used 15248K, capacity 16494K, committed 16512K, reserved 1048576K
Heap Regions: E=young(eden), S=young(survivor), O=old, HS=humongous(starts), HC=humongous(continues), CS=collection set, F=free, A=archive, TAMS=top-at-mark-start (previous, next)
|   0|0x00000000a0000000, 0x00000000a0100000, 0x00000000a0100000|100%|HS|  |TAMS 0x00000000a0100000, 0x00000000a0100000| Complete 
|   1|0x00000000a0100000, 0x00000000a0200000, 0x00000000a0200000|100%|HC|  |TAMS 0x00000000a0200000, 0x00000000a0200000| Complete 
|   2|0x00000000a0200000, 0x00000000a0300000, 0x00000000a0300000|100%|HC|  |TAMS 0x00000000a0300000, 0x00000000a0300000| Complete 
|   3|0x00000000a0300000, 0x00000000a0400000, 0x00000000a0400000|100%| O|  |TAMS 0x00000000a0400000, 0x00000000a0400000| Untracked 
|   4|0x00000000a0400000, 0x00000000a0500000, 0x00000000a0500000|100%| O|  |TAMS 0x00000000a0500000, 0x00000000a0500000| Untracked 
|   5|0x00000000a0500000, 0x00000000a0600000, 0x00000000a0600000|100%| O|  |TAMS 0x00000000a0600000, 0x00000000a0600000| Untracked 
|   6|0x00000000a0600000, 0x00000000a0700000, 0x00000000a0700000|100%| O|  |TAMS 0x00000000a0700000, 0x00000000a0700000| Untracked 
|   7|0x00000000a0700000, 0x00000000a0800000, 0x00000000a0800000|100%| O|  |TAMS 0x00000000a0800000, 0x00000000a0800000| Untracked 
|   8|0x00000000a0800000, 0x00000000a0900000, 0x00000000a0900000|100%| O|  |TAMS 0x00000000a0900000, 0x00000000a0900000| Untracked 
|   9|0x00000000a0900000, 0x00000000a0a00000, 0x00000000a0a00000|100%| O|  |TAMS 0x00000000a0a00000, 0x00000000a0a00000| Untracked 
|  10|0x00000000a0a00000, 0x00000000a0b00000, 0x00000000a0b00000|100%| O|  |TAMS 0x00000000a0b00000, 0x00000000a0b00000| Untracked 
|  11|0x00000000a0b00000, 0x00000000a0c00000, 0x00000000a0c00000|100%| O|  |TAMS 0x00000000a0b00000, 0x00000000a0c00000| Untracked 
|  12|0x00000000a0c00000, 0x00000000a0d00000, 0x00000000a0d00000|100%| O|  |TAMS 0x00000000a0d00000, 0x00000000a0d00000| Untracked 
|  13|0x00000000a0d00000, 0x00000000a0e00000, 0x00000000a0e00000|100%| O|  |TAMS 0x00000000a0e00000, 0x00000000a0e00000| Untracked 
|  14|0x00000000a0e00000, 0x00000000a0f00000, 0x00000000a0f00000|100%| O|  |TAMS 0x00000000a0e00000, 0x00000000a0f00000| Untracked 
|  15|0x00000000a0f00000, 0x00000000a1000000, 0x00000000a1000000|100%| O|  |TAMS 0x00000000a1000000, 0x00000000a1000000| Untracked 
|  16|0x00000000a1000000, 0x00000000a1100000, 0x00000000a1100000|100%| O|  |TAMS 0x00000000a1100000, 0x00000000a1100000| Untracked 
|  17|0x00000000a1100000, 0x00000000a1200000, 0x00000000a1200000|100%|HS|  |TAMS 0x00000000a1200000, 0x00000000a1200000| Complete 
|  18|0x00000000a1200000, 0x00000000a1300000, 0x00000000a1300000|100%|HC|  |TAMS 0x00000000a1300000, 0x00000000a1300000| Complete 
|  19|0x00000000a1300000, 0x00000000a1400000, 0x00000000a1400000|100%|HS|  |TAMS 0x00000000a1400000, 0x00000000a1400000| Complete 
|  20|0x00000000a1400000, 0x00000000a1500000, 0x00000000a1500000|100%|HC|  |TAMS 0x00000000a1500000, 0x00000000a1500000| Complete 
|  21|0x00000000a1500000, 0x00000000a1600000, 0x00000000a1600000|100%|HC|  |TAMS 0x00000000a1600000, 0x00000000a1600000| Complete 
|  22|0x00000000a1600000, 0x00000000a1700000, 0x00000000a1700000|100%|HS|  |TAMS 0x00000000a1700000, 0x00000000a1700000| Complete 
|  23|0x00000000a1700000, 0x00000000a1800000, 0x00000000a1800000|100%|HC|  |TAMS 0x00000000a1800000, 0x00000000a1800000| Complete 
|  24|0x00000000a1800000, 0x00000000a1900000, 0x00000000a1900000|100%|HC|  |TAMS 0x00000000a1900000, 0x00000000a1900000| Complete 
|  25|0x00000000a1900000, 0x00000000a1a00000, 0x00000000a1a00000|100%|HC|  |TAMS 0x00000000a1a00000, 0x00000000a1a00000| Complete 
|  26|0x00000000a1a00000, 0x00000000a1b00000, 0x00000000a1b00000|100%|HS|  |TAMS 0x00000000a1b00000, 0x00000000a1b00000| Complete 
|  27|0x00000000a1b00000, 0x00000000a1c00000, 0x00000000a1c00000|100%|HC|  |TAMS 0x00000000a1c00000, 0x00000000a1c00000| Complete 
|  28|0x00000000a1c00000, 0x00000000a1d00000, 0x00000000a1d00000|100%|HC|  |TAMS 0x00000000a1d00000, 0x00000000a1d00000| Complete 
|  29|0x00000000a1d00000, 0x00000000a1e00000, 0x00000000a1e00000|100%|HC|  |TAMS 0x00000000a1e00000, 0x00000000a1e00000| Complete 
|  30|0x00000000a1e00000, 0x00000000a1f00000, 0x00000000a1f00000|100%| O|  |TAMS 0x00000000a1f00000, 0x00000000a1f00000| Untracked 
|  31|0x00000000a1f00000, 0x00000000a2000000, 0x00000000a2000000|100%| O|  |TAMS 0x00000000a2000000, 0x00000000a2000000| Untracked 
|  32|0x00000000a2000000, 0x00000000a2100000, 0x00000000a2100000|100%| O|  |TAMS 0x00000000a2100000, 0x00000000a2100000| Untracked 
|  33|0x00000000a2100000, 0x00000000a2200000, 0x00000000a2200000|100%| O|  |TAMS 0x00000000a2200000, 0x00000000a2200000| Untracked 
|  34|0x00000000a2200000, 0x00000000a2300000, 0x00000000a2300000|100%| O|  |TAMS 0x00000000a2300000, 0x00000000a2300000| Untracked 
|  35|0x00000000a2300000, 0x00000000a2400000, 0x00000000a2400000|100%| O|  |TAMS 0x00000000a2400000, 0x00000000a2400000| Untracked 
|  36|0x00000000a2400000, 0x00000000a2500000, 0x00000000a2500000|100%| O|  |TAMS 0x00000000a2500000, 0x00000000a2500000| Untracked 
|  37|0x00000000a2500000, 0x00000000a2600000, 0x00000000a2600000|100%| O|  |TAMS 0x00000000a2600000, 0x00000000a2600000| Untracked 
|  38|0x00000000a2600000, 0x00000000a2700000, 0x00000000a2700000|100%| O|  |TAMS 0x00000000a2700000, 0x00000000a2700000| Untracked 
|  39|0x00000000a2700000, 0x00000000a2800000, 0x00000000a2800000|100%| O|  |TAMS 0x00000000a2700000, 0x00000000a2800000| Untracked 
|  40|0x00000000a2800000, 0x00000000a2900000, 0x00000000a2900000|100%| O|  |TAMS 0x00000000a2800000, 0x00000000a2900000| Untracked 
|  41|0x00000000a2900000, 0x00000000a2a00000, 0x00000000a2a00000|100%|HS|  |TAMS 0x00000000a2a00000, 0x00000000a2a00000| Complete 
|  42|0x00000000a2a00000, 0x00000000a2b00000, 0x00000000a2b00000|100%| O|  |TAMS 0x00000000a2b00000, 0x00000000a2b00000| Untracked 
|  43|0x00000000a2b00000, 0x00000000a2c00000, 0x00000000a2c00000|100%| O|  |TAMS 0x00000000a2c00000, 0x00000000a2c00000| Untracked 
|  44|0x00000000a2c00000, 0x00000000a2d00000, 0x00000000a2d00000|100%| O|  |TAMS 0x00000000a2d00000, 0x00000000a2d00000| Untracked 
|  45|0x00000000a2d00000, 0x00000000a2e00000, 0x00000000a2e00000|100%| O|  |TAMS 0x00000000a2e00000, 0x00000000a2e00000| Untracked 
|  46|0x00000000a2e00000, 0x00000000a2f00000, 0x00000000a2f00000|100%| O|  |TAMS 0x00000000a2f00000, 0x00000000a2f00000| Untracked 
|  47|0x00000000a2f00000, 0x00000000a3000000, 0x00000000a3000000|100%|HS|  |TAMS 0x00000000a3000000, 0x00000000a3000000| Complete 
|  48|0x00000000a3000000, 0x00000000a3100000, 0x00000000a3100000|100%|HC|  |TAMS 0x00000000a3100000, 0x00000000a3100000| Complete 
|  49|0x00000000a3100000, 0x00000000a3200000, 0x00000000a3200000|100%|HC|  |TAMS 0x00000000a3200000, 0x00000000a3200000| Complete 
|  50|0x00000000a3200000, 0x00000000a3300000, 0x00000000a3300000|100%|HS|  |TAMS 0x00000000a3300000, 0x00000000a3300000| Complete 
|  51|0x00000000a3300000, 0x00000000a3400000, 0x00000000a3400000|100%|HC|  |TAMS 0x00000000a3400000, 0x00000000a3400000| Complete 
|  52|0x00000000a3400000, 0x00000000a3500000, 0x00000000a3500000|100%| O|  |TAMS 0x00000000a3500000, 0x00000000a3500000| Untracked 
|  53|0x00000000a3500000, 0x00000000a3600000, 0x00000000a3600000|100%| O|  |TAMS 0x00000000a3600000, 0x00000000a3600000| Untracked 
|  54|0x00000000a3600000, 0x00000000a3700000, 0x00000000a3700000|100%| O|  |TAMS 0x00000000a3700000, 0x00000000a3700000| Untracked 
|  55|0x00000000a3700000, 0x00000000a3800000, 0x00000000a3800000|100%| O|  |TAMS 0x00000000a3800000, 0x00000000a3800000| Untracked 
|  56|0x00000000a3800000, 0x00000000a3900000, 0x00000000a3900000|100%| O|  |TAMS 0x00000000a3900000, 0x00000000a3900000| Untracked 
|  57|0x00000000a3900000, 0x00000000a3a00000, 0x00000000a3a00000|100%| O|  |TAMS 0x00000000a3a00000, 0x00000000a3a00000| Untracked 
|  58|0x00000000a3a00000, 0x00000000a3b00000, 0x00000000a3b00000|100%| O|  |TAMS 0x00000000a3b00000, 0x00000000a3b00000| Untracked 
|  59|0x00000000a3b00000, 0x00000000a3c00000, 0x00000000a3c00000|100%| O|  |TAMS 0x00000000a3c00000, 0x00000000a3c00000| Untracked 
|  60|0x00000000a3c00000, 0x00000000a3d00000, 0x00000000a3d00000|100%| O|  |TAMS 0x00000000a3d00000, 0x00000000a3d00000| Untracked 
|  61|0x00000000a3d00000, 0x00000000a3e00000, 0x00000000a3e00000|100%| O|  |TAMS 0x00000000a3e00000, 0x00000000a3e00000| Untracked 
|  62|0x00000000a3e00000, 0x00000000a3f00000, 0x00000000a3f00000|100%| O|  |TAMS 0x00000000a3f00000, 0x00000000a3f00000| Untracked 
|  63|0x00000000a3f00000, 0x00000000a4000000, 0x00000000a4000000|100%| O|  |TAMS 0x00000000a4000000, 0x00000000a4000000| Untracked 
|  64|0x00000000a4000000, 0x00000000a4100000, 0x00000000a4100000|100%| O|  |TAMS 0x00000000a4100000, 0x00000000a4100000| Untracked 
|  65|0x00000000a4100000, 0x00000000a4200000, 0x00000000a4200000|100%| O|  |TAMS 0x00000000a4200000, 0x00000000a4200000| Untracked 
|  66|0x00000000a4200000, 0x00000000a4300000, 0x00000000a4300000|100%| O|  |TAMS 0x00000000a4300000, 0x00000000a4300000| Untracked 
|  67|0x00000000a4300000, 0x00000000a4400000, 0x00000000a4400000|100%| O|  |TAMS 0x00000000a4400000, 0x00000000a4400000| Untracked 
|  68|0x00000000a4400000, 0x00000000a4500000, 0x00000000a4500000|100%| O|  |TAMS 0x00000000a4500000, 0x00000000a4500000| Untracked 
|  69|0x00000000a4500000, 0x00000000a4600000, 0x00000000a4600000|100%| O|  |TAMS 0x00000000a4600000, 0x00000000a4600000| Untracked 
|  70|0x00000000a4600000, 0x00000000a4700000, 0x00000000a4700000|100%| O|  |TAMS 0x00000000a4700000, 0x00000000a4700000| Untracked 
|  71|0x00000000a4700000, 0x00000000a4800000, 0x00000000a4800000|100%| O|  |TAMS 0x00000000a4800000, 0x00000000a4800000| Untracked 
|  72|0x00000000a4800000, 0x00000000a4900000, 0x00000000a4900000|100%| O|  |TAMS 0x00000000a4900000, 0x00000000a4900000| Untracked 
|  73|0x00000000a4900000, 0x00000000a4a00000, 0x00000000a4a00000|100%| O|  |TAMS 0x00000000a4a00000, 0x00000000a4a00000| Untracked 
|  74|0x00000000a4a00000, 0x00000000a4b00000, 0x00000000a4b00000|100%| O|  |TAMS 0x00000000a4b00000, 0x00000000a4b00000| Untracked 
|  75|0x00000000a4b00000, 0x00000000a4c00000, 0x00000000a4c00000|100%| O|  |TAMS 0x00000000a4c00000, 0x00000000a4c00000| Untracked 
|  76|0x00000000a4c00000, 0x00000000a4d00000, 0x00000000a4d00000|100%| O|  |TAMS 0x00000000a4d00000, 0x00000000a4d00000| Untracked 
|  77|0x00000000a4d00000, 0x00000000a4e00000, 0x00000000a4e00000|100%| O|  |TAMS 0x00000000a4e00000, 0x00000000a4e00000| Untracked 
|  78|0x00000000a4e00000, 0x00000000a4f00000, 0x00000000a4f00000|100%| O|  |TAMS 0x00000000a4f00000, 0x00000000a4f00000| Untracked 
|  79|0x00000000a4f00000, 0x00000000a5000000, 0x00000000a5000000|100%| O|  |TAMS 0x00000000a5000000, 0x00000000a5000000| Untracked 
|  80|0x00000000a5000000, 0x00000000a5100000, 0x00000000a5100000|100%| O|  |TAMS 0x00000000a5100000, 0x00000000a5100000| Untracked 
|  81|0x00000000a5100000, 0x00000000a5200000, 0x00000000a5200000|100%| O|  |TAMS 0x00000000a5200000, 0x00000000a5200000| Untracked 
|  82|0x00000000a5200000, 0x00000000a5300000, 0x00000000a5300000|100%| O|  |TAMS 0x00000000a5300000, 0x00000000a5300000| Untracked 
|  83|0x00000000a5300000, 0x00000000a5400000, 0x00000000a5400000|100%| O|  |TAMS 0x00000000a5400000, 0x00000000a5400000| Untracked 
|  84|0x00000000a5400000, 0x00000000a5500000, 0x00000000a5500000|100%| O|  |TAMS 0x00000000a5500000, 0x00000000a5500000| Untracked 
|  85|0x00000000a5500000, 0x00000000a5600000, 0x00000000a5600000|100%| O|  |TAMS 0x00000000a5500000, 0x00000000a5600000| Untracked 
|  86|0x00000000a5600000, 0x00000000a5700000, 0x00000000a5700000|100%| O|  |TAMS 0x00000000a5700000, 0x00000000a5700000| Untracked 
|  87|0x00000000a5700000, 0x00000000a5800000, 0x00000000a5800000|100%| O|  |TAMS 0x00000000a5800000, 0x00000000a5800000| Untracked 
|  88|0x00000000a5800000, 0x00000000a5900000, 0x00000000a5900000|100%| O|  |TAMS 0x00000000a5900000, 0x00000000a5900000| Untracked 
|  89|0x00000000a5900000, 0x00000000a5a00000, 0x00000000a5a00000|100%| O|  |TAMS 0x00000000a5a00000, 0x00000000a5a00000| Untracked 
|  90|0x00000000a5a00000, 0x00000000a5b00000, 0x00000000a5b00000|100%| O|  |TAMS 0x00000000a5b00000, 0x00000000a5b00000| Untracked 
|  91|0x00000000a5b00000, 0x00000000a5c00000, 0x00000000a5c00000|100%| O|  |TAMS 0x00000000a5c00000, 0x00000000a5c00000| Untracked 
|  92|0x00000000a5c00000, 0x00000000a5d00000, 0x00000000a5d00000|100%| O|  |TAMS 0x00000000a5d00000, 0x00000000a5d00000| Untracked 
|  93|0x00000000a5d00000, 0x00000000a5e00000, 0x00000000a5e00000|100%| O|  |TAMS 0x00000000a5e00000, 0x00000000a5e00000| Untracked 
|  94|0x00000000a5e00000, 0x00000000a5f00000, 0x00000000a5f00000|100%| O|  |TAMS 0x00000000a5f00000, 0x00000000a5f00000| Untracked 
|  95|0x00000000a5f00000, 0x00000000a6000000, 0x00000000a6000000|100%| O|  |TAMS 0x00000000a6000000, 0x00000000a6000000| Untracked 
|  96|0x00000000a6000000, 0x00000000a6100000, 0x00000000a6100000|100%| O|  |TAMS 0x00000000a6100000, 0x00000000a6100000| Untracked 
|  97|0x00000000a6100000, 0x00000000a6200000, 0x00000000a6200000|100%| O|  |TAMS 0x00000000a6200000, 0x00000000a6200000| Untracked 
|  98|0x00000000a6200000, 0x00000000a6300000, 0x00000000a6300000|100%| O|  |TAMS 0x00000000a6300000, 0x00000000a6300000| Untracked 
|  99|0x00000000a6300000, 0x00000000a6400000, 0x00000000a6400000|100%| O|  |TAMS 0x00000000a6400000, 0x00000000a6400000| Untracked 
| 100|0x00000000a6400000, 0x00000000a6500000, 0x00000000a6500000|100%| O|  |TAMS 0x00000000a6500000, 0x00000000a6500000| Untracked 
| 101|0x00000000a6500000, 0x00000000a6600000, 0x00000000a6600000|100%| O|  |TAMS 0x00000000a6600000, 0x00000000a6600000| Untracked 
| 102|0x00000000a6600000, 0x00000000a6700000, 0x00000000a6700000|100%| O|  |TAMS 0x00000000a6700000, 0x00000000a6700000| Untracked 
| 103|0x00000000a6700000, 0x00000000a6800000, 0x00000000a6800000|100%| O|  |TAMS 0x00000000a6800000, 0x00000000a6800000| Untracked 
| 104|0x00000000a6800000, 0x00000000a6900000, 0x00000000a6900000|100%| O|  |TAMS 0x00000000a6900000, 0x00000000a6900000| Untracked 
| 105|0x00000000a6900000, 0x00000000a6a00000, 0x00000000a6a00000|100%| O|  |TAMS 0x00000000a6a00000, 0x00000000a6a00000| Untracked 
| 106|0x00000000a6a00000, 0x00000000a6b00000, 0x00000000a6b00000|100%| O|  |TAMS 0x00000000a6b00000, 0x00000000a6b00000| Untracked 
| 107|0x00000000a6b00000, 0x00000000a6c00000, 0x00000000a6c00000|100%| O|  |TAMS 0x00000000a6c00000, 0x00000000a6c00000| Untracked 
| 108|0x00000000a6c00000, 0x00000000a6d00000, 0x00000000a6d00000|100%| O|  |TAMS 0x00000000a6d00000, 0x00000000a6d00000| Untracked 
| 109|0x00000000a6d00000, 0x00000000a6e00000, 0x00000000a6e00000|100%| O|  |TAMS 0x00000000a6e00000, 0x00000000a6e00000| Untracked 
| 110|0x00000000a6e00000, 0x00000000a6f00000, 0x00000000a6f00000|100%| O|  |TAMS 0x00000000a6f00000, 0x00000000a6f00000| Untracked 
| 111|0x00000000a6f00000, 0x00000000a7000000, 0x00000000a7000000|100%| O|  |TAMS 0x00000000a7000000, 0x00000000a7000000| Untracked 
| 112|0x00000000a7000000, 0x00000000a7100000, 0x00000000a7100000|100%| O|  |TAMS 0x00000000a7100000, 0x00000000a7100000| Untracked 
| 113|0x00000000a7100000, 0x00000000a7200000, 0x00000000a7200000|100%| O|  |TAMS 0x00000000a7200000, 0x00000000a7200000| Untracked 
| 114|0x00000000a7200000, 0x00000000a7300000, 0x00000000a7300000|100%| O|  |TAMS 0x00000000a7300000, 0x00000000a7300000| Untracked 
| 115|0x00000000a7300000, 0x00000000a7400000, 0x00000000a7400000|100%| O|  |TAMS 0x00000000a7400000, 0x00000000a7400000| Untracked 
| 116|0x00000000a7400000, 0x00000000a7500000, 0x00000000a7500000|100%| O|  |TAMS 0x00000000a7500000, 0x00000000a7500000| Untracked 
| 117|0x00000000a7500000, 0x00000000a7600000, 0x00000000a7600000|100%| O|  |TAMS 0x00000000a7600000, 0x00000000a7600000| Untracked 
| 118|0x00000000a7600000, 0x00000000a7700000, 0x00000000a7700000|100%| O|  |TAMS 0x00000000a7700000, 0x00000000a7700000| Untracked 
| 119|0x00000000a7700000, 0x00000000a7800000, 0x00000000a7800000|100%| O|  |TAMS 0x00000000a7800000, 0x00000000a7800000| Untracked 
| 120|0x00000000a7800000, 0x00000000a7900000, 0x00000000a7900000|100%| O|  |TAMS 0x00000000a7900000, 0x00000000a7900000| Untracked 
| 121|0x00000000a7900000, 0x00000000a7a00000, 0x00000000a7a00000|100%| O|  |TAMS 0x00000000a7a00000, 0x00000000a7a00000| Untracked 
| 122|0x00000000a7a00000, 0x00000000a7b00000, 0x00000000a7b00000|100%| O|  |TAMS 0x00000000a7b00000, 0x00000000a7b00000| Untracked 
| 123|0x00000000a7b00000, 0x00000000a7c00000, 0x00000000a7c00000|100%| O|  |TAMS 0x00000000a7c00000, 0x00000000a7c00000| Untracked 
| 124|0x00000000a7c00000, 0x00000000a7d00000, 0x00000000a7d00000|100%| O|  |TAMS 0x00000000a7d00000, 0x00000000a7d00000| Untracked 
| 125|0x00000000a7d00000, 0x00000000a7e00000, 0x00000000a7e00000|100%| O|  |TAMS 0x00000000a7e00000, 0x00000000a7e00000| Untracked 
| 126|0x00000000a7e00000, 0x00000000a7f00000, 0x00000000a7f00000|100%| O|  |TAMS 0x00000000a7f00000, 0x00000000a7f00000| Untracked 
| 127|0x00000000a7f00000, 0x00000000a8000000, 0x00000000a8000000|100%| O|  |TAMS 0x00000000a8000000, 0x00000000a8000000| Untracked 
| 128|0x00000000a8000000, 0x00000000a8100000, 0x00000000a8100000|100%|HS|  |TAMS 0x00000000a8000000, 0x00000000a8100000| Complete 
| 129|0x00000000a8100000, 0x00000000a8200000, 0x00000000a8200000|100%|HC|  |TAMS 0x00000000a8100000, 0x00000000a8200000| Complete 
| 130|0x00000000a8200000, 0x00000000a8300000, 0x00000000a8300000|100%|HC|  |TAMS 0x00000000a8200000, 0x00000000a8300000| Complete 
| 131|0x00000000a8300000, 0x00000000a8400000, 0x00000000a8400000|100%| O|  |TAMS 0x00000000a8300000, 0x00000000a8300000| Untracked 
| 132|0x00000000a8400000, 0x00000000a8500000, 0x00000000a8500000|100%| O|  |TAMS 0x00000000a8400000, 0x00000000a8400000| Untracked 
| 133|0x00000000a8500000, 0x00000000a8600000, 0x00000000a8600000|100%| O|  |TAMS 0x00000000a8500000, 0x00000000a8500000| Untracked 
| 134|0x00000000a8600000, 0x00000000a8700000, 0x00000000a8700000|100%| O|  |TAMS 0x00000000a8600000, 0x00000000a8600000| Untracked 
| 135|0x00000000a8700000, 0x00000000a8800000, 0x00000000a8800000|100%| O|  |TAMS 0x00000000a8700000, 0x00000000a8700000| Untracked 
| 136|0x00000000a8800000, 0x00000000a8900000, 0x00000000a8900000|100%| O|  |TAMS 0x00000000a8800000, 0x00000000a8800000| Untracked 
| 137|0x00000000a8900000, 0x00000000a8a00000, 0x00000000a8a00000|100%| O|  |TAMS 0x00000000a8900000, 0x00000000a8a00000| Untracked 
| 138|0x00000000a8a00000, 0x00000000a8b00000, 0x00000000a8b00000|100%| O|  |TAMS 0x00000000a8a00000, 0x00000000a8b00000| Untracked 
| 139|0x00000000a8b00000, 0x00000000a8c00000, 0x00000000a8c00000|100%| O|  |TAMS 0x00000000a8b00000, 0x00000000a8c00000| Untracked 
| 140|0x00000000a8c00000, 0x00000000a8d00000, 0x00000000a8d00000|100%| O|  |TAMS 0x00000000a8c00000, 0x00000000a8d00000| Untracked 
| 141|0x00000000a8d00000, 0x00000000a8e00000, 0x00000000a8e00000|100%| O|  |TAMS 0x00000000a8d00000, 0x00000000a8e00000| Untracked 
| 142|0x00000000a8e00000, 0x00000000a8f00000, 0x00000000a8f00000|100%| O|  |TAMS 0x00000000a8e00000, 0x00000000a8f00000| Untracked 
| 143|0x00000000a8f00000, 0x00000000a9000000, 0x00000000a9000000|100%| O|  |TAMS 0x00000000a9000000, 0x00000000a9000000| Untracked 
| 144|0x00000000a9000000, 0x00000000a9100000, 0x00000000a9100000|100%| O|  |TAMS 0x00000000a9100000, 0x00000000a9100000| Untracked 
| 145|0x00000000a9100000, 0x00000000a9200000, 0x00000000a9200000|100%| O|  |TAMS 0x00000000a9100000, 0x00000000a9200000| Untracked 
| 146|0x00000000a9200000, 0x00000000a9300000, 0x00000000a9300000|100%| O|  |TAMS 0x00000000a9200000, 0x00000000a9300000| Untracked 
| 147|0x00000000a9300000, 0x00000000a9400000, 0x00000000a9400000|100%| O|  |TAMS 0x00000000a9300000, 0x00000000a9400000| Untracked 
| 148|0x00000000a9400000, 0x00000000a9500000, 0x00000000a9500000|100%| O|  |TAMS 0x00000000a9400000, 0x00000000a9500000| Untracked 
| 149|0x00000000a9500000, 0x00000000a9600000, 0x00000000a9600000|100%| O|  |TAMS 0x00000000a9500000, 0x00000000a95f6e00| Untracked 
| 150|0x00000000a9600000, 0x00000000a9700000, 0x00000000a9700000|100%| O|  |TAMS 0x00000000a9600000, 0x00000000a9600000| Untracked 
| 151|0x00000000a9700000, 0x00000000a9800000, 0x00000000a9800000|100%| O|  |TAMS 0x00000000a9700000, 0x00000000a9700000| Untracked 
| 152|0x00000000a9800000, 0x00000000a9800000, 0x00000000a9900000|  0%| F|  |TAMS 0x00000000a9800000, 0x00000000a9800000| Untracked 
| 153|0x00000000a9900000, 0x00000000a9900000, 0x00000000a9a00000|  0%| F|  |TAMS 0x00000000a9900000, 0x00000000a9900000| Untracked 
| 154|0x00000000a9a00000, 0x00000000a9a00000, 0x00000000a9b00000|  0%| F|  |TAMS 0x00000000a9a00000, 0x00000000a9a00000| Untracked 
| 155|0x00000000a9b00000, 0x00000000a9b00000, 0x00000000a9c00000|  0%| F|  |TAMS 0x00000000a9b00000, 0x00000000a9b00000| Untracked 
| 156|0x00000000a9c00000, 0x00000000a9c00000, 0x00000000a9d00000|  0%| F|  |TAMS 0x00000000a9c00000, 0x00000000a9c00000| Untracked 
| 157|0x00000000a9d00000, 0x00000000a9d00000, 0x00000000a9e00000|  0%| F|  |TAMS 0x00000000a9d00000, 0x00000000a9d00000| Untracked 
| 158|0x00000000a9e00000, 0x00000000a9e00000, 0x00000000a9f00000|  0%| F|  |TAMS 0x00000000a9e00000, 0x00000000a9e00000| Untracked 
| 159|0x00000000a9f00000, 0x00000000a9f00000, 0x00000000aa000000|  0%| F|  |TAMS 0x00000000a9f00000, 0x00000000a9f00000| Untracked 
| 160|0x00000000aa000000, 0x00000000aa000000, 0x00000000aa100000|  0%| F|  |TAMS 0x00000000aa000000, 0x00000000aa000000| Untracked 
| 161|0x00000000aa100000, 0x00000000aa100000, 0x00000000aa200000|  0%| F|  |TAMS 0x00000000aa100000, 0x00000000aa100000| Untracked 
| 162|0x00000000aa200000, 0x00000000aa200000, 0x00000000aa300000|  0%| F|  |TAMS 0x00000000aa200000, 0x00000000aa200000| Untracked 
| 163|0x00000000aa300000, 0x00000000aa300000, 0x00000000aa400000|  0%| F|  |TAMS 0x00000000aa300000, 0x00000000aa300000| Untracked 
| 164|0x00000000aa400000, 0x00000000aa400000, 0x00000000aa500000|  0%| F|  |TAMS 0x00000000aa400000, 0x00000000aa400000| Untracked 
| 165|0x00000000aa500000, 0x00000000aa500000, 0x00000000aa600000|  0%| F|  |TAMS 0x00000000aa500000, 0x00000000aa500000| Untracked 
| 166|0x00000000aa600000, 0x00000000aa600000, 0x00000000aa700000|  0%| F|  |TAMS 0x00000000aa600000, 0x00000000aa600000| Untracked 
| 167|0x00000000aa700000, 0x00000000aa700000, 0x00000000aa800000|  0%| F|  |TAMS 0x00000000aa700000, 0x00000000aa700000| Untracked 
| 168|0x00000000aa800000, 0x00000000aa800000, 0x00000000aa900000|  0%| F|  |TAMS 0x00000000aa800000, 0x00000000aa800000| Untracked 
| 169|0x00000000aa900000, 0x00000000aa900000, 0x00000000aaa00000|  0%| F|  |TAMS 0x00000000aa900000, 0x00000000aa900000| Untracked 
| 170|0x00000000aaa00000, 0x00000000aaa00000, 0x00000000aab00000|  0%| F|  |TAMS 0x00000000aaa00000, 0x00000000aaa00000| Untracked 
| 171|0x00000000aab00000, 0x00000000aab00000, 0x00000000aac00000|  0%| F|  |TAMS 0x00000000aab00000, 0x00000000aab00000| Untracked 
| 172|0x00000000aac00000, 0x00000000aac00000, 0x00000000aad00000|  0%| F|  |TAMS 0x00000000aac00000, 0x00000000aac00000| Untracked 
| 173|0x00000000aad00000, 0x00000000aad00000, 0x00000000aae00000|  0%| F|  |TAMS 0x00000000aad00000, 0x00000000aad00000| Untracked 
| 174|0x00000000aae00000, 0x00000000aae00000, 0x00000000aaf00000|  0%| F|  |TAMS 0x00000000aae00000, 0x00000000aae00000| Untracked 
| 175|0x00000000aaf00000, 0x00000000aaf00000, 0x00000000ab000000|  0%| F|  |TAMS 0x00000000aaf00000, 0x00000000aaf00000| Untracked 
| 176|0x00000000ab000000, 0x00000000ab000000, 0x00000000ab100000|  0%| F|  |TAMS 0x00000000ab000000, 0x00000000ab000000| Untracked 
| 177|0x00000000ab100000, 0x00000000ab100000, 0x00000000ab200000|  0%| F|  |TAMS 0x00000000ab100000, 0x00000000ab100000| Untracked 
| 178|0x00000000ab200000, 0x00000000ab200000, 0x00000000ab300000|  0%| F|  |TAMS 0x00000000ab200000, 0x00000000ab200000| Untracked 
| 179|0x00000000ab300000, 0x00000000ab300000, 0x00000000ab400000|  0%| F|  |TAMS 0x00000000ab300000, 0x00000000ab300000| Untracked 
| 180|0x00000000ab400000, 0x00000000ab400000, 0x00000000ab500000|  0%| F|  |TAMS 0x00000000ab400000, 0x00000000ab400000| Untracked 
| 181|0x00000000ab500000, 0x00000000ab500000, 0x00000000ab600000|  0%| F|  |TAMS 0x00000000ab500000, 0x00000000ab500000| Untracked 
| 182|0x00000000ab600000, 0x00000000ab600000, 0x00000000ab700000|  0%| F|  |TAMS 0x00000000ab600000, 0x00000000ab600000| Untracked 
| 183|0x00000000ab700000, 0x00000000ab700000, 0x00000000ab800000|  0%| F|  |TAMS 0x00000000ab700000, 0x00000000ab700000| Untracked 
| 184|0x00000000ab800000, 0x00000000ab800000, 0x00000000ab900000|  0%| F|  |TAMS 0x00000000ab800000, 0x00000000ab800000| Untracked 
| 185|0x00000000ab900000, 0x00000000ab900000, 0x00000000aba00000|  0%| F|  |TAMS 0x00000000ab900000, 0x00000000ab900000| Untracked 
| 186|0x00000000aba00000, 0x00000000aba00000, 0x00000000abb00000|  0%| F|  |TAMS 0x00000000aba00000, 0x00000000aba00000| Untracked 
| 187|0x00000000abb00000, 0x00000000abb00000, 0x00000000abc00000|  0%| F|  |TAMS 0x00000000abb00000, 0x00000000abb00000| Untracked 
| 188|0x00000000abc00000, 0x00000000abc00000, 0x00000000abd00000|  0%| F|  |TAMS 0x00000000abc00000, 0x00000000abc00000| Untracked 
| 189|0x00000000abd00000, 0x00000000abd00000, 0x00000000abe00000|  0%| F|  |TAMS 0x00000000abd00000, 0x00000000abd00000| Untracked 
| 190|0x00000000abe00000, 0x00000000abe00000, 0x00000000abf00000|  0%| F|  |TAMS 0x00000000abe00000, 0x00000000abe00000| Untracked 
| 191|0x00000000abf00000, 0x00000000abf00000, 0x00000000ac000000|  0%| F|  |TAMS 0x00000000abf00000, 0x00000000abf00000| Untracked 
| 192|0x00000000ac000000, 0x00000000ac000000, 0x00000000ac100000|  0%| F|  |TAMS 0x00000000ac000000, 0x00000000ac000000| Untracked 
| 193|0x00000000ac100000, 0x00000000ac100000, 0x00000000ac200000|  0%| F|  |TAMS 0x00000000ac100000, 0x00000000ac100000| Untracked 
| 194|0x00000000ac200000, 0x00000000ac200000, 0x00000000ac300000|  0%| F|  |TAMS 0x00000000ac200000, 0x00000000ac200000| Untracked 
| 195|0x00000000ac300000, 0x00000000ac300000, 0x00000000ac400000|  0%| F|  |TAMS 0x00000000ac300000, 0x00000000ac300000| Untracked 
| 196|0x00000000ac400000, 0x00000000ac400000, 0x00000000ac500000|  0%| F|  |TAMS 0x00000000ac400000, 0x00000000ac400000| Untracked 
| 197|0x00000000ac500000, 0x00000000ac500000, 0x00000000ac600000|  0%| F|  |TAMS 0x00000000ac500000, 0x00000000ac500000| Untracked 
| 198|0x00000000ac600000, 0x00000000ac600000, 0x00000000ac700000|  0%| F|  |TAMS 0x00000000ac600000, 0x00000000ac600000| Untracked 
| 199|0x00000000ac700000, 0x00000000ac700000, 0x00000000ac800000|  0%| F|  |TAMS 0x00000000ac700000, 0x00000000ac700000| Untracked 
| 200|0x00000000ac800000, 0x00000000ac800000, 0x00000000ac900000|  0%| F|  |TAMS 0x00000000ac800000, 0x00000000ac800000| Untracked 
| 201|0x00000000ac900000, 0x00000000ac900000, 0x00000000aca00000|  0%| F|  |TAMS 0x00000000ac900000, 0x00000000ac900000| Untracked 
| 202|0x00000000aca00000, 0x00000000aca00000, 0x00000000acb00000|  0%| F|  |TAMS 0x00000000aca00000, 0x00000000aca00000| Untracked 
| 203|0x00000000acb00000, 0x00000000acb00000, 0x00000000acc00000|  0%| F|  |TAMS 0x00000000acb00000, 0x00000000acb00000| Untracked 
| 204|0x00000000acc00000, 0x00000000acc00000, 0x00000000acd00000|  0%| F|  |TAMS 0x00000000acc00000, 0x00000000acc00000| Untracked 
| 205|0x00000000acd00000, 0x00000000acd00000, 0x00000000ace00000|  0%| F|  |TAMS 0x00000000acd00000, 0x00000000acd00000| Untracked 
| 206|0x00000000ace00000, 0x00000000ace00000, 0x00000000acf00000|  0%| F|  |TAMS 0x00000000ace00000, 0x00000000ace00000| Untracked 
| 207|0x00000000acf00000, 0x00000000acf00000, 0x00000000ad000000|  0%| F|  |TAMS 0x00000000acf00000, 0x00000000acf00000| Untracked 
| 208|0x00000000ad000000, 0x00000000ad000000, 0x00000000ad100000|  0%| F|  |TAMS 0x00000000ad000000, 0x00000000ad000000| Untracked 
| 209|0x00000000ad100000, 0x00000000ad100000, 0x00000000ad200000|  0%| F|  |TAMS 0x00000000ad100000, 0x00000000ad100000| Untracked 
| 210|0x00000000ad200000, 0x00000000ad200000, 0x00000000ad300000|  0%| F|  |TAMS 0x00000000ad200000, 0x00000000ad200000| Untracked 
| 211|0x00000000ad300000, 0x00000000ad300000, 0x00000000ad400000|  0%| F|  |TAMS 0x00000000ad300000, 0x00000000ad300000| Untracked 
| 212|0x00000000ad400000, 0x00000000ad400000, 0x00000000ad500000|  0%| F|  |TAMS 0x00000000ad400000, 0x00000000ad400000| Untracked 
| 213|0x00000000ad500000, 0x00000000ad500000, 0x00000000ad600000|  0%| F|  |TAMS 0x00000000ad500000, 0x00000000ad500000| Untracked 
| 214|0x00000000ad600000, 0x00000000ad600000, 0x00000000ad700000|  0%| F|  |TAMS 0x00000000ad600000, 0x00000000ad600000| Untracked 
| 215|0x00000000ad700000, 0x00000000ad700000, 0x00000000ad800000|  0%| F|  |TAMS 0x00000000ad700000, 0x00000000ad700000| Untracked 
| 216|0x00000000ad800000, 0x00000000ad800000, 0x00000000ad900000|  0%| F|  |TAMS 0x00000000ad800000, 0x00000000ad800000| Untracked 
| 217|0x00000000ad900000, 0x00000000ad900000, 0x00000000ada00000|  0%| F|  |TAMS 0x00000000ad900000, 0x00000000ad900000| Untracked 
| 218|0x00000000ada00000, 0x00000000ada00000, 0x00000000adb00000|  0%| F|  |TAMS 0x00000000ada00000, 0x00000000ada00000| Untracked 
| 219|0x00000000adb00000, 0x00000000adb00000, 0x00000000adc00000|  0%| F|  |TAMS 0x00000000adb00000, 0x00000000adb00000| Untracked 
| 220|0x00000000adc00000, 0x00000000adc00000, 0x00000000add00000|  0%| F|  |TAMS 0x00000000adc00000, 0x00000000adc00000| Untracked 
| 221|0x00000000add00000, 0x00000000add00000, 0x00000000ade00000|  0%| F|  |TAMS 0x00000000add00000, 0x00000000add00000| Untracked 
| 222|0x00000000ade00000, 0x00000000ade00000, 0x00000000adf00000|  0%| F|  |TAMS 0x00000000ade00000, 0x00000000ade00000| Untracked 
| 223|0x00000000adf00000, 0x00000000adf00000, 0x00000000ae000000|  0%| F|  |TAMS 0x00000000adf00000, 0x00000000adf00000| Untracked 
| 224|0x00000000ae000000, 0x00000000ae000000, 0x00000000ae100000|  0%| F|  |TAMS 0x00000000ae000000, 0x00000000ae000000| Untracked 
| 225|0x00000000ae100000, 0x00000000ae100000, 0x00000000ae200000|  0%| F|  |TAMS 0x00000000ae100000, 0x00000000ae100000| Untracked 
| 226|0x00000000ae200000, 0x00000000ae200000, 0x00000000ae300000|  0%| F|  |TAMS 0x00000000ae200000, 0x00000000ae200000| Untracked 
| 227|0x00000000ae300000, 0x00000000ae300000, 0x00000000ae400000|  0%| F|  |TAMS 0x00000000ae300000, 0x00000000ae300000| Untracked 
| 228|0x00000000ae400000, 0x00000000ae400000, 0x00000000ae500000|  0%| F|  |TAMS 0x00000000ae400000, 0x00000000ae400000| Untracked 
| 229|0x00000000ae500000, 0x00000000ae500000, 0x00000000ae600000|  0%| F|  |TAMS 0x00000000ae500000, 0x00000000ae500000| Untracked 
| 230|0x00000000ae600000, 0x00000000ae600000, 0x00000000ae700000|  0%| F|  |TAMS 0x00000000ae600000, 0x00000000ae600000| Untracked 
| 231|0x00000000ae700000, 0x00000000ae700000, 0x00000000ae800000|  0%| F|  |TAMS 0x00000000ae700000, 0x00000000ae700000| Untracked 
| 232|0x00000000ae800000, 0x00000000ae800000, 0x00000000ae900000|  0%| F|  |TAMS 0x00000000ae800000, 0x00000000ae800000| Untracked 
| 233|0x00000000ae900000, 0x00000000ae900000, 0x00000000aea00000|  0%| F|  |TAMS 0x00000000ae900000, 0x00000000ae900000| Untracked 
| 234|0x00000000aea00000, 0x00000000aea00000, 0x00000000aeb00000|  0%| F|  |TAMS 0x00000000aea00000, 0x00000000aea00000| Untracked 
| 235|0x00000000aeb00000, 0x00000000aeb00000, 0x00000000aec00000|  0%| F|  |TAMS 0x00000000aeb00000, 0x00000000aeb00000| Untracked 
| 236|0x00000000aec00000, 0x00000000aec00000, 0x00000000aed00000|  0%| F|  |TAMS 0x00000000aec00000, 0x00000000aec00000| Untracked 
| 237|0x00000000aed00000, 0x00000000aed00000, 0x00000000aee00000|  0%| F|  |TAMS 0x00000000aed00000, 0x00000000aed00000| Untracked 
| 238|0x00000000aee00000, 0x00000000aee00000, 0x00000000aef00000|  0%| F|  |TAMS 0x00000000aee00000, 0x00000000aee00000| Untracked 
| 239|0x00000000aef00000, 0x00000000aef00000, 0x00000000af000000|  0%| F|  |TAMS 0x00000000aef00000, 0x00000000aef00000| Untracked 
| 240|0x00000000af000000, 0x00000000af000000, 0x00000000af100000|  0%| F|  |TAMS 0x00000000af000000, 0x00000000af000000| Untracked 
| 241|0x00000000af100000, 0x00000000af100000, 0x00000000af200000|  0%| F|  |TAMS 0x00000000af100000, 0x00000000af100000| Untracked 
| 242|0x00000000af200000, 0x00000000af200000, 0x00000000af300000|  0%| F|  |TAMS 0x00000000af200000, 0x00000000af200000| Untracked 
| 243|0x00000000af300000, 0x00000000af300000, 0x00000000af400000|  0%| F|  |TAMS 0x00000000af300000, 0x00000000af300000| Untracked 
| 244|0x00000000af400000, 0x00000000af400000, 0x00000000af500000|  0%| F|  |TAMS 0x00000000af400000, 0x00000000af400000| Untracked 
| 245|0x00000000af500000, 0x00000000af500000, 0x00000000af600000|  0%| F|  |TAMS 0x00000000af500000, 0x00000000af500000| Untracked 
| 246|0x00000000af600000, 0x00000000af600000, 0x00000000af700000|  0%| F|  |TAMS 0x00000000af600000, 0x00000000af600000| Untracked 
| 247|0x00000000af700000, 0x00000000af700000, 0x00000000af800000|  0%| F|  |TAMS 0x00000000af700000, 0x00000000af700000| Untracked 
| 248|0x00000000af800000, 0x00000000af800000, 0x00000000af900000|  0%| F|  |TAMS 0x00000000af800000, 0x00000000af800000| Untracked 
| 249|0x00000000af900000, 0x00000000af900000, 0x00000000afa00000|  0%| F|  |TAMS 0x00000000af900000, 0x00000000af900000| Untracked 
| 250|0x00000000afa00000, 0x00000000afb00000, 0x00000000afb00000|100%| S|CS|TAMS 0x00000000afa00000, 0x00000000afa00000| Complete 
| 251|0x00000000afb00000, 0x00000000afc00000, 0x00000000afc00000|100%| S|CS|TAMS 0x00000000afb00000, 0x00000000afb00000| Complete 
| 252|0x00000000afc00000, 0x00000000afc00000, 0x00000000afd00000|  0%| F|  |TAMS 0x00000000afc00000, 0x00000000afc00000| Untracked 
| 253|0x00000000afd00000, 0x00000000afd00000, 0x00000000afe00000|  0%| F|  |TAMS 0x00000000afd00000, 0x00000000afd00000| Untracked 
| 254|0x00000000afe00000, 0x00000000afe00000, 0x00000000aff00000|  0%| F|  |TAMS 0x00000000afe00000, 0x00000000afe00000| Untracked 
| 255|0x00000000aff00000, 0x00000000aff00000, 0x00000000b0000000|  0%| F|  |TAMS 0x00000000aff00000, 0x00000000aff00000| Untracked 
| 256|0x00000000b0000000, 0x00000000b0000000, 0x00000000b0100000|  0%| F|  |TAMS 0x00000000b0000000, 0x00000000b0000000| Untracked 

Card table byte_map: [0x000001aa49910000,0x000001aa49c10000] _byte_map_base: 0x000001aa49410000

Marking Bits (Prev, Next): (CMBitMap*) 0x000001aa303fb908, (CMBitMap*) 0x000001aa303fb948
 Prev Bits: [0x000001aa49f10000, 0x000001aa4b710000)
 Next Bits: [0x000001aa4b710000, 0x000001aa4cf10000)

Polling page: 0x000001aa30170000

Metaspace:

Usage:
  Non-class:    108.10 MB capacity,   105.83 MB ( 98%) used,     1.90 MB (  2%) free+waste,   375.25 KB ( <1%) overhead. 
      Class:     16.11 MB capacity,    14.89 MB ( 92%) used,     1.06 MB (  7%) free+waste,   160.38 KB ( <1%) overhead. 
       Both:    124.21 MB capacity,   120.72 MB ( 97%) used,     2.96 MB (  2%) free+waste,   535.63 KB ( <1%) overhead. 

Virtual space:
  Non-class space:      110.00 MB reserved,     108.25 MB ( 98%) committed 
      Class space:        1.00 GB reserved,      16.13 MB (  2%) committed 
             Both:        1.11 GB reserved,     124.38 MB ( 11%) committed 

Chunk freelists:
   Non-Class:  28.00 KB
       Class:  18.00 KB
        Both:  46.00 KB

MaxMetaspaceSize: 17179869184.00 GB
CompressedClassSpaceSize: 1.00 GB

CodeHeap 'non-profiled nmethods': size=120064Kb used=14928Kb max_used=14928Kb free=105136Kb
 bounds [0x000001aa41b90000, 0x000001aa42a30000, 0x000001aa490d0000]
CodeHeap 'profiled nmethods': size=120000Kb used=47674Kb max_used=47674Kb free=72326Kb
 bounds [0x000001aa3a660000, 0x000001aa3d500000, 0x000001aa41b90000]
CodeHeap 'non-nmethods': size=5696Kb used=2586Kb max_used=2656Kb free=3109Kb
 bounds [0x000001aa3a0d0000, 0x000001aa3a370000, 0x000001aa3a660000]
 total_blobs=32148 nmethods=19239 adapters=1015
 compilation: enabled
              stopped_count=0, restarted_count=0
 full_count=0

Compilation events (20 events):
Event: 2824.363 Thread 0x000001aa4f2b4800 24214       3       com.android.tools.r8.dex.n::l (52 bytes)
Event: 2824.365 Thread 0x000001aa4f2b4800 nmethod 24214 0x000001aa3d4e8a10 code [0x000001aa3d4e8c40, 0x000001aa3d4e96f0]
Event: 2824.369 Thread 0x000001aa4f2b4800 24215       2       java.util.Arrays::hashCode (44 bytes)
Event: 2824.370 Thread 0x000001aa4f2b4800 nmethod 24215 0x000001aa3d4e9b10 code [0x000001aa3d4e9cc0, 0x000001aa3d4e9e98]
Event: 2824.374 Thread 0x000001aa4f2b4800 24216 %     3       com.android.tools.r8.dex.n::d @ 408 (498 bytes)
Event: 2824.381 Thread 0x000001aa4f2b4800 nmethod 24216% 0x000001aa3d4e9f90 code [0x000001aa3d4ea5c0, 0x000001aa3d4eef10]
Event: 2824.381 Thread 0x000001aa4f2b4800 24217       3       com.android.tools.r8.dex.n::d (498 bytes)
Event: 2824.388 Thread 0x000001aa4f2b4800 nmethod 24217 0x000001aa3d4f0f90 code [0x000001aa3d4f15a0, 0x000001aa3d4f5cb0]
Event: 2824.397 Thread 0x000001aa4f2b4800 24218       2       com.android.tools.r8.code.r::<init> (7 bytes)
Event: 2824.398 Thread 0x000001aa4f2b4800 nmethod 24218 0x000001aa3d4f7c10 code [0x000001aa3d4f7dc0, 0x000001aa3d4f7fb8]
Event: 2824.435 Thread 0x000001aa4f2b4800 24220       2       com.android.tools.r8.code.H2::<init> (7 bytes)
Event: 2824.436 Thread 0x000001aa4f2b4800 nmethod 24220 0x000001aa3d4f8110 code [0x000001aa3d4f82c0, 0x000001aa3d4f84b8]
Event: 2824.458 Thread 0x000001aa4f2b4800 24222       2       com.android.tools.r8.code.H3::<init> (7 bytes)
Event: 2824.459 Thread 0x000001aa4f2b4800 nmethod 24222 0x000001aa3d4f8610 code [0x000001aa3d4f87c0, 0x000001aa3d4f89b8]
Event: 2824.491 Thread 0x000001aa4f2b4800 24223       2       com.android.tools.r8.code.o0::<init> (7 bytes)
Event: 2824.492 Thread 0x000001aa4f2b4800 nmethod 24223 0x000001aa3d4f8b10 code [0x000001aa3d4f8ce0, 0x000001aa3d4f8fe0]
Event: 2824.613 Thread 0x000001aa4f2b4800 24230       2       com.android.tools.r8.code.I3::a (1 bytes)
Event: 2824.613 Thread 0x000001aa4f2b4800 nmethod 24230 0x000001aa3d4f9210 code [0x000001aa3d4f93a0, 0x000001aa3d4f9518]
Event: 2824.843 Thread 0x000001aa4f2b4800 24251       2       com.android.tools.r8.code.N::a (1 bytes)
Event: 2824.843 Thread 0x000001aa4f2b4800 nmethod 24251 0x000001aa3d4f9590 code [0x000001aa3d4f9720, 0x000001aa3d4f9898]

GC Heap History (20 events):
Event: 2810.347 GC heap after
{Heap after GC invocations=147 (full 0):
 garbage-first heap   total 263168K, used 117229K [0x00000000a0000000, 0x0000000100000000)
  region size 1024K, 5 young (5120K), 5 survivors (5120K)
 Metaspace       used 122817K, capacity 126382K, committed 126592K, reserved 1159168K
  class space    used 15178K, capacity 16407K, committed 16512K, reserved 1048576K
}
Event: 2811.226 GC heap before
{Heap before GC invocations=148 (full 0):
 garbage-first heap   total 263168K, used 135661K [0x00000000a0000000, 0x0000000100000000)
  region size 1024K, 24 young (24576K), 5 survivors (5120K)
 Metaspace       used 122822K, capacity 126382K, committed 126592K, reserved 1159168K
  class space    used 15178K, capacity 16407K, committed 16512K, reserved 1048576K
}
Event: 2811.253 GC heap after
{Heap after GC invocations=149 (full 0):
 garbage-first heap   total 263168K, used 117983K [0x00000000a0000000, 0x0000000100000000)
  region size 1024K, 6 young (6144K), 6 survivors (6144K)
 Metaspace       used 122822K, capacity 126382K, committed 126592K, reserved 1159168K
  class space    used 15178K, capacity 16407K, committed 16512K, reserved 1048576K
}
Event: 2814.826 GC heap before
{Heap before GC invocations=150 (full 0):
 garbage-first heap   total 263168K, used 217311K [0x00000000a0000000, 0x0000000100000000)
  region size 1024K, 102 young (104448K), 6 survivors (6144K)
 Metaspace       used 122846K, capacity 126448K, committed 126592K, reserved 1159168K
  class space    used 15178K, capacity 16407K, committed 16512K, reserved 1048576K
}
Event: 2814.843 GC heap after
{Heap after GC invocations=151 (full 0):
 garbage-first heap   total 263168K, used 114269K [0x00000000a0000000, 0x0000000100000000)
  region size 1024K, 2 young (2048K), 2 survivors (2048K)
 Metaspace       used 122846K, capacity 126448K, committed 126592K, reserved 1159168K
  class space    used 15178K, capacity 16407K, committed 16512K, reserved 1048576K
}
Event: 2816.015 GC heap before
{Heap before GC invocations=151 (full 0):
 garbage-first heap   total 263168K, used 218717K [0x00000000a0000000, 0x0000000100000000)
  region size 1024K, 104 young (106496K), 2 survivors (2048K)
 Metaspace       used 122856K, capacity 126452K, committed 126592K, reserved 1159168K
  class space    used 15178K, capacity 16408K, committed 16512K, reserved 1048576K
}
Event: 2816.034 GC heap after
{Heap after GC invocations=152 (full 0):
 garbage-first heap   total 263168K, used 115562K [0x00000000a0000000, 0x0000000100000000)
  region size 1024K, 4 young (4096K), 4 survivors (4096K)
 Metaspace       used 122856K, capacity 126452K, committed 126592K, reserved 1159168K
  class space    used 15178K, capacity 16408K, committed 16512K, reserved 1048576K
}
Event: 2817.406 GC heap before
{Heap before GC invocations=153 (full 0):
 garbage-first heap   total 263168K, used 220010K [0x00000000a0000000, 0x0000000100000000)
  region size 1024K, 106 young (108544K), 4 survivors (4096K)
 Metaspace       used 122863K, capacity 126457K, committed 126592K, reserved 1159168K
  class space    used 15179K, capacity 16409K, committed 16512K, reserved 1048576K
}
Event: 2817.423 GC heap after
{Heap after GC invocations=154 (full 0):
 garbage-first heap   total 263168K, used 115144K [0x00000000a0000000, 0x0000000100000000)
  region size 1024K, 3 young (3072K), 3 survivors (3072K)
 Metaspace       used 122863K, capacity 126457K, committed 126592K, reserved 1159168K
  class space    used 15179K, capacity 16409K, committed 16512K, reserved 1048576K
}
Event: 2817.506 GC heap before
{Heap before GC invocations=154 (full 0):
 garbage-first heap   total 263168K, used 124360K [0x00000000a0000000, 0x0000000100000000)
  region size 1024K, 12 young (12288K), 3 survivors (3072K)
 Metaspace       used 122863K, capacity 126457K, committed 126592K, reserved 1159168K
  class space    used 15179K, capacity 16409K, committed 16512K, reserved 1048576K
}
Event: 2817.632 GC heap after
{Heap after GC invocations=155 (full 0):
 garbage-first heap   total 263168K, used 100824K [0x00000000a0000000, 0x0000000100000000)
  region size 1024K, 1 young (1024K), 1 survivors (1024K)
 Metaspace       used 122863K, capacity 126457K, committed 126592K, reserved 1159168K
  class space    used 15179K, capacity 16409K, committed 16512K, reserved 1048576K
}
Event: 2821.227 GC heap before
{Heap before GC invocations=155 (full 0):
 garbage-first heap   total 263168K, used 224728K [0x00000000a0000000, 0x0000000100000000)
  region size 1024K, 114 young (116736K), 1 survivors (1024K)
 Metaspace       used 123586K, capacity 127180K, committed 127360K, reserved 1161216K
  class space    used 15247K, capacity 16493K, committed 16512K, reserved 1048576K
}
Event: 2821.367 GC heap after
{Heap after GC invocations=156 (full 0):
 garbage-first heap   total 263168K, used 135680K [0x00000000a0000000, 0x0000000100000000)
  region size 1024K, 15 young (15360K), 15 survivors (15360K)
 Metaspace       used 123586K, capacity 127180K, committed 127360K, reserved 1161216K
  class space    used 15247K, capacity 16493K, committed 16512K, reserved 1048576K
}
Event: 2821.533 GC heap before
{Heap before GC invocations=156 (full 0):
 garbage-first heap   total 263168K, used 142848K [0x00000000a0000000, 0x0000000100000000)
  region size 1024K, 24 young (24576K), 15 survivors (15360K)
 Metaspace       used 123586K, capacity 127180K, committed 127360K, reserved 1161216K
  class space    used 15247K, capacity 16493K, committed 16512K, reserved 1048576K
}
Event: 2821.696 GC heap after
{Heap after GC invocations=157 (full 0):
 garbage-first heap   total 263168K, used 137216K [0x00000000a0000000, 0x0000000100000000)
  region size 1024K, 1 young (1024K), 1 survivors (1024K)
 Metaspace       used 123586K, capacity 127180K, committed 127360K, reserved 1161216K
  class space    used 15247K, capacity 16493K, committed 16512K, reserved 1048576K
}
Event: 2822.898 GC heap before
{Heap before GC invocations=158 (full 0):
 garbage-first heap   total 263168K, used 154624K [0x00000000a0000000, 0x0000000100000000)
  region size 1024K, 16 young (16384K), 1 survivors (1024K)
 Metaspace       used 123600K, capacity 127186K, committed 127360K, reserved 1161216K
  class space    used 15247K, capacity 16494K, committed 16512K, reserved 1048576K
}
Event: 2822.909 GC heap after
{Heap after GC invocations=159 (full 0):
 garbage-first heap   total 263168K, used 135682K [0x00000000a0000000, 0x0000000100000000)
  region size 1024K, 1 young (1024K), 1 survivors (1024K)
 Metaspace       used 123600K, capacity 127186K, committed 127360K, reserved 1161216K
  class space    used 15247K, capacity 16494K, committed 16512K, reserved 1048576K
}
Event: 2824.623 GC heap before
{Heap before GC invocations=160 (full 0):
 garbage-first heap   total 263168K, used 188930K [0x00000000a0000000, 0x0000000100000000)
  region size 1024K, 52 young (53248K), 1 survivors (1024K)
 Metaspace       used 123618K, capacity 127186K, committed 127360K, reserved 1161216K
  class space    used 15248K, capacity 16494K, committed 16512K, reserved 1048576K
}
Event: 2824.727 GC heap after
{Heap after GC invocations=161 (full 0):
 garbage-first heap   total 263168K, used 154587K [0x00000000a0000000, 0x0000000100000000)
  region size 1024K, 7 young (7168K), 7 survivors (7168K)
 Metaspace       used 123618K, capacity 127186K, committed 127360K, reserved 1161216K
  class space    used 15248K, capacity 16494K, committed 16512K, reserved 1048576K
}
Event: 2824.869 GC heap before
{Heap before GC invocations=161 (full 0):
 garbage-first heap   total 263168K, used 159707K [0x00000000a0000000, 0x0000000100000000)
  region size 1024K, 12 young (12288K), 7 survivors (7168K)
 Metaspace       used 123618K, capacity 127186K, committed 127360K, reserved 1161216K
  class space    used 15248K, capacity 16494K, committed 16512K, reserved 1048576K
}

Deoptimization events (20 events):
Event: 2824.578 Thread 0x000001aa553c0800 DEOPT PACKING pc=0x000001aa3d479db5 sp=0x00000004d34fd5d0
Event: 2824.578 Thread 0x000001aa553c0800 DEOPT UNPACKING pc=0x000001aa3a11994e sp=0x00000004d34fcae0 mode 0
Event: 2824.580 Thread 0x000001aa553c0800 DEOPT PACKING pc=0x000001aa3d47874c sp=0x00000004d34fd5b0
Event: 2824.580 Thread 0x000001aa553c0800 DEOPT UNPACKING pc=0x000001aa3a11994e sp=0x00000004d34fcae0 mode 0
Event: 2824.582 Thread 0x000001aa553c0800 DEOPT PACKING pc=0x000001aa3d47874c sp=0x00000004d34fd5b0
Event: 2824.582 Thread 0x000001aa553c0800 DEOPT UNPACKING pc=0x000001aa3a11994e sp=0x00000004d34fcae0 mode 0
Event: 2824.621 Thread 0x000001aa553c0800 DEOPT PACKING pc=0x000001aa3d47e0df sp=0x00000004d34fd060
Event: 2824.622 Thread 0x000001aa553c0800 DEOPT UNPACKING pc=0x000001aa3a11994e sp=0x00000004d34fc600 mode 0
Event: 2824.762 Thread 0x000001aa553c0800 DEOPT PACKING pc=0x000001aa3d47fb1a sp=0x00000004d34fd080
Event: 2824.762 Thread 0x000001aa553c0800 DEOPT UNPACKING pc=0x000001aa3a11994e sp=0x00000004d34fc528 mode 0
Event: 2824.771 Thread 0x000001aa553c0800 DEOPT PACKING pc=0x000001aa3d47e0df sp=0x00000004d34fd060
Event: 2824.771 Thread 0x000001aa553c0800 DEOPT UNPACKING pc=0x000001aa3a11994e sp=0x00000004d34fc600 mode 0
Event: 2824.787 Thread 0x000001aa553c0800 DEOPT PACKING pc=0x000001aa3d47e0df sp=0x00000004d34fd060
Event: 2824.787 Thread 0x000001aa553c0800 DEOPT UNPACKING pc=0x000001aa3a11994e sp=0x00000004d34fc600 mode 0
Event: 2824.817 Thread 0x000001aa553c0800 DEOPT PACKING pc=0x000001aa3d47e0df sp=0x00000004d34fd060
Event: 2824.817 Thread 0x000001aa553c0800 DEOPT UNPACKING pc=0x000001aa3a11994e sp=0x00000004d34fc600 mode 0
Event: 2824.844 Thread 0x000001aa553c0800 DEOPT PACKING pc=0x000001aa3d47e0df sp=0x00000004d34fd060
Event: 2824.844 Thread 0x000001aa553c0800 DEOPT UNPACKING pc=0x000001aa3a11994e sp=0x00000004d34fc600 mode 0
Event: 2824.861 Thread 0x000001aa553c0800 DEOPT PACKING pc=0x000001aa3d47e0df sp=0x00000004d34fd060
Event: 2824.861 Thread 0x000001aa553c0800 DEOPT UNPACKING pc=0x000001aa3a11994e sp=0x00000004d34fc600 mode 0

Classes unloaded (20 events):
Event: 2752.745 Thread 0x000001aa4f27f800 Unloading class 0x0000000801a7a040 'com/android/tools/r8/ir/conversion/o$$Lambda$1234'
Event: 2752.745 Thread 0x000001aa4f27f800 Unloading class 0x0000000801a7b040 'com/android/tools/r8/ir/analysis/type/f$$Lambda$1231'
Event: 2752.745 Thread 0x000001aa4f27f800 Unloading class 0x0000000801a7bc40 'com/android/tools/r8/graph/W$$Lambda$1230'
Event: 2752.745 Thread 0x000001aa4f27f800 Unloading class 0x0000000801a7c440 'com/android/tools/r8/ir/conversion/o$$Lambda$1228'
Event: 2752.745 Thread 0x000001aa4f27f800 Unloading class 0x0000000801a7c840 'java/lang/invoke/LambdaForm$DMH'
Event: 2752.745 Thread 0x000001aa4f27f800 Unloading class 0x0000000801a7d440 'com/android/tools/r8/ir/conversion/O$$Lambda$1226'
Event: 2752.745 Thread 0x000001aa4f27f800 Unloading class 0x0000000801a7dc40 'com/android/tools/r8/ir/conversion/O$$Lambda$1223'
Event: 2752.745 Thread 0x000001aa4f27f800 Unloading class 0x0000000801a7e040 'java/lang/invoke/LambdaForm$DMH'
Event: 2752.745 Thread 0x000001aa4f27f800 Unloading class 0x0000000801a7ec40 'com/android/tools/r8/utils/U0$$Lambda$1222'
Event: 2752.745 Thread 0x000001aa4f27f800 Unloading class 0x0000000801a7f040 'com/android/tools/r8/u/c/M$$Lambda$1220'
Event: 2752.745 Thread 0x000001aa4f27f800 Unloading class 0x0000000801a7fc40 'java/lang/invoke/LambdaForm$DMH'
Event: 2752.745 Thread 0x000001aa4f27f800 Unloading class 0x0000000801a79040 'com/android/tools/r8/ir/conversion/O$$Lambda$1216'
Event: 2752.745 Thread 0x000001aa4f27f800 Unloading class 0x0000000801a78840 'com/android/tools/r8/ir/conversion/O$$Lambda$1214'
Event: 2752.745 Thread 0x000001aa4f27f800 Unloading class 0x0000000801a78040 'com/android/tools/r8/ir/optimize/d$$Lambda$1213'
Event: 2752.745 Thread 0x000001aa4f27f800 Unloading class 0x0000000801a32040 'com/android/tools/r8/graph/b0$$Lambda$1205'
Event: 2752.745 Thread 0x000001aa4f27f800 Unloading class 0x0000000801a33440 'com/android/tools/r8/graph/u0$b$$Lambda$1204'
Event: 2752.745 Thread 0x000001aa4f27f800 Unloading class 0x0000000801a33040 'com/android/tools/r8/graph/t0$$Lambda$1201'
Event: 2752.745 Thread 0x000001aa4f27f800 Unloading class 0x0000000801a34440 'com/android/tools/r8/dex/a$a$$Lambda$1198'
Event: 2752.745 Thread 0x000001aa4f27f800 Unloading class 0x0000000801a34c40 'com/android/tools/r8/graph/p$$Lambda$1196'
Event: 2752.745 Thread 0x000001aa4f27f800 Unloading class 0x0000000801a35440 'com/android/tools/r8/dex/a$a$$Lambda$1195'

Classes redefined (0 events):
No events

Internal exceptions (20 events):
Event: 2814.194 Thread 0x000001aa515d8800 Exception <a 'sun/nio/fs/WindowsException'{0x00000000ab4c9c50}> (0x00000000ab4c9c50) 
thrown [t:/workspace/open/src/hotspot/share/prims/jni.cpp, line 598]
Event: 2814.265 Thread 0x000001aa515d7800 Exception <a 'sun/nio/fs/WindowsException'{0x00000000ab34a3d0}> (0x00000000ab34a3d0) 
thrown [t:/workspace/open/src/hotspot/share/prims/jni.cpp, line 598]
Event: 2814.333 Thread 0x000001aa515d7800 Exception <a 'sun/nio/fs/WindowsException'{0x00000000aae937c8}> (0x00000000aae937c8) 
thrown [t:/workspace/open/src/hotspot/share/prims/jni.cpp, line 598]
Event: 2814.418 Thread 0x000001aa515d8800 Exception <a 'sun/nio/fs/WindowsException'{0x00000000aad27868}> (0x00000000aad27868) 
thrown [t:/workspace/open/src/hotspot/share/prims/jni.cpp, line 598]
Event: 2814.468 Thread 0x000001aa515d8800 Exception <a 'sun/nio/fs/WindowsException'{0x00000000aab754f0}> (0x00000000aab754f0) 
thrown [t:/workspace/open/src/hotspot/share/prims/jni.cpp, line 598]
Event: 2814.497 Thread 0x000001aa515d7800 Exception <a 'sun/nio/fs/WindowsException'{0x00000000aaef4e50}> (0x00000000aaef4e50) 
thrown [t:/workspace/open/src/hotspot/share/prims/jni.cpp, line 598]
Event: 2814.582 Thread 0x000001aa515d7800 Exception <a 'sun/nio/fs/WindowsException'{0x00000000aa5986a8}> (0x00000000aa5986a8) 
thrown [t:/workspace/open/src/hotspot/share/prims/jni.cpp, line 598]
Event: 2814.729 Thread 0x000001aa515d8800 Exception <a 'sun/nio/fs/WindowsException'{0x00000000aa4b3938}> (0x00000000aa4b3938) 
thrown [t:/workspace/open/src/hotspot/share/prims/jni.cpp, line 598]
Event: 2814.879 Thread 0x000001aa515d8800 Exception <a 'sun/nio/fs/WindowsException'{0x00000000afc72fd8}> (0x00000000afc72fd8) 
thrown [t:/workspace/open/src/hotspot/share/prims/jni.cpp, line 598]
Event: 2814.911 Thread 0x000001aa515d7800 Exception <a 'sun/nio/fs/WindowsException'{0x00000000afba77f0}> (0x00000000afba77f0) 
thrown [t:/workspace/open/src/hotspot/share/prims/jni.cpp, line 598]
Event: 2814.940 Thread 0x000001aa515d7800 Exception <a 'sun/nio/fs/WindowsException'{0x00000000af9ffa40}> (0x00000000af9ffa40) 
thrown [t:/workspace/open/src/hotspot/share/prims/jni.cpp, line 598]
Event: 2814.995 Thread 0x000001aa515d8800 Exception <a 'sun/nio/fs/WindowsException'{0x00000000af63d0f0}> (0x00000000af63d0f0) 
thrown [t:/workspace/open/src/hotspot/share/prims/jni.cpp, line 598]
Event: 2817.903 Thread 0x000001aa515d8800 Exception <a 'sun/nio/fs/WindowsException'{0x00000000aef44780}> (0x00000000aef44780) 
thrown [t:/workspace/open/src/hotspot/share/prims/jni.cpp, line 598]
Event: 2818.191 Thread 0x000001aa515d8800 Exception <a 'java/lang/NoSuchMethodError'{0x00000000aee82870}: static Lcom/android/build/gradle/internal/tasks/DexMergingParams;.<clinit>()V> (0x00000000aee82870) 
thrown [t:/workspace/open/src/hotspot/share/prims/jni.cpp, line 1347]
Event: 2818.681 Thread 0x000001aa553c5800 Exception <a 'sun/nio/fs/WindowsException'{0x00000000ae86af60}> (0x00000000ae86af60) 
thrown [t:/workspace/open/src/hotspot/share/prims/jni.cpp, line 598]
Event: 2819.144 Thread 0x000001aa553c6800 Exception <a 'java/lang/NoSuchMethodError'{0x00000000ad2ad048}: 'long java.lang.invoke.DirectMethodHandle$Holder.invokeStatic(java.lang.Object, java.lang.Object, java.lang.Object)'> (0x00000000ad2ad048) 
thrown [t:/workspace/open/src/hotspot/share/interpreter/linkResolver.cpp, line 767]
Event: 2819.193 Thread 0x000001aa553c7000 Implicit null exception at 0x000001aa41e6842f to 0x000001aa41e68522
Event: 2821.025 Thread 0x000001aa553c6800 Implicit null exception at 0x000001aa4269f85c to 0x000001aa4269f9ae
Event: 2822.626 Thread 0x000001aa553c6800 Exception <a 'sun/nio/fs/WindowsException'{0x00000000af36bd28}> (0x00000000af36bd28) 
thrown [t:/workspace/open/src/hotspot/share/prims/jni.cpp, line 598]
Event: 2823.333 Thread 0x000001aa553c0800 Exception <a 'sun/nio/fs/WindowsException'{0x00000000b00126f8}> (0x00000000b00126f8) 
thrown [t:/workspace/open/src/hotspot/share/prims/jni.cpp, line 598]

Events (20 events):
Event: 2822.656 Thread 0x000001aa553c7000 Thread exited: 0x000001aa553c7000
Event: 2822.882 Executing VM operation: RevokeBias
Event: 2822.883 Executing VM operation: RevokeBias done
Event: 2822.898 Executing VM operation: G1CollectForAllocation
Event: 2822.915 Executing VM operation: G1CollectForAllocation done
Event: 2823.329 loading class com/android/builder/dexing/NonIncrementalJarDexArchive
Event: 2823.329 loading class com/android/builder/dexing/NonIncrementalJarDexArchive done
Event: 2823.365 Executing VM operation: G1Concurrent
Event: 2823.443 Executing VM operation: G1Concurrent done
Event: 2823.659 Executing VM operation: G1Concurrent
Event: 2823.660 Executing VM operation: G1Concurrent done
Event: 2823.866 Thread 0x000001aa553c4000 Thread added: 0x000001aa553c4000
Event: 2823.867 Thread 0x000001aa553c6800 Thread added: 0x000001aa553c6800
Event: 2823.942 Executing VM operation: BulkRevokeBias
Event: 2823.971 Executing VM operation: BulkRevokeBias done
Event: 2824.577 Executing VM operation: RevokeBias
Event: 2824.577 Executing VM operation: RevokeBias done
Event: 2824.623 Executing VM operation: G1CollectForAllocation
Event: 2824.756 Executing VM operation: G1CollectForAllocation done
Event: 2824.869 Executing VM operation: G1CollectForAllocation


Dynamic libraries:
0x00007ff6efdb0000 - 0x00007ff6efdbf000 	C:\Program Files\Java\jdk-13.0.2\bin\java.exe
0x00007ff94f600000 - 0x00007ff94f7ed000 	C:\Windows\SYSTEM32\ntdll.dll
0x00007ff94ec80000 - 0x00007ff94ed33000 	C:\Windows\System32\KERNEL32.DLL
0x00007ff94b7c0000 - 0x00007ff94ba55000 	C:\Windows\System32\KERNELBASE.dll
0x00007ff94c410000 - 0x00007ff94c50a000 	C:\Windows\System32\ucrtbase.dll
0x00007ff936380000 - 0x00007ff936398000 	C:\Program Files\Java\jdk-13.0.2\bin\jli.dll
0x00007ff936360000 - 0x00007ff936375000 	C:\Program Files\Java\jdk-13.0.2\bin\VCRUNTIME140.dll
0x00007ff94cf00000 - 0x00007ff94cfa3000 	C:\Windows\System32\ADVAPI32.dll
0x00007ff94c8b0000 - 0x00007ff94c94e000 	C:\Windows\System32\msvcrt.dll
0x00007ff94ce40000 - 0x00007ff94cede000 	C:\Windows\System32\sechost.dll
0x00007ff94cd10000 - 0x00007ff94ce32000 	C:\Windows\System32\RPCRT4.dll
0x00007ff94cb70000 - 0x00007ff94cd07000 	C:\Windows\System32\USER32.dll
0x00007ff94c780000 - 0x00007ff94c7a0000 	C:\Windows\System32\win32u.dll
0x00007ff94d040000 - 0x00007ff94d069000 	C:\Windows\System32\GDI32.dll
0x00007ff94c5e0000 - 0x00007ff94c779000 	C:\Windows\System32\gdi32full.dll
0x00007ff94c540000 - 0x00007ff94c5e0000 	C:\Windows\System32\msvcp_win.dll
0x00007ff942430000 - 0x00007ff9426a9000 	C:\Windows\WinSxS\amd64_microsoft.windows.common-controls_6595b64144ccf1df_6.0.17763.1217_none_de6e4304534e0ad3\COMCTL32.dll
0x00007ff94f170000 - 0x00007ff94f49c000 	C:\Windows\System32\combase.dll
0x00007ff94bc40000 - 0x00007ff94bcbe000 	C:\Windows\System32\bcryptPrimitives.dll
0x00007ff9472b0000 - 0x00007ff9472ba000 	C:\Windows\SYSTEM32\VERSION.dll
0x00007ff94d070000 - 0x00007ff94d09e000 	C:\Windows\System32\IMM32.DLL
0x00007ff9362c0000 - 0x00007ff93635b000 	C:\Program Files\Java\jdk-13.0.2\bin\msvcp140.dll
0x00007ff921300000 - 0x00007ff921e5d000 	C:\Program Files\Java\jdk-13.0.2\bin\server\jvm.dll
0x00007ff94cfb0000 - 0x00007ff94cfb8000 	C:\Windows\System32\PSAPI.DLL
0x00007ff945440000 - 0x00007ff945449000 	C:\Windows\SYSTEM32\WSOCK32.dll
0x00007ff949010000 - 0x00007ff949034000 	C:\Windows\SYSTEM32\WINMM.dll
0x00007ff94eb40000 - 0x00007ff94ebad000 	C:\Windows\System32\WS2_32.dll
0x00007ff948fe0000 - 0x00007ff94900d000 	C:\Windows\SYSTEM32\WINMMBASE.dll
0x00007ff94b770000 - 0x00007ff94b7ba000 	C:\Windows\System32\cfgmgr32.dll
0x00007ff94b5f0000 - 0x00007ff94b601000 	C:\Windows\System32\kernel.appcore.dll
0x00007ff9451a0000 - 0x00007ff9451b0000 	C:\Program Files\Java\jdk-13.0.2\bin\verify.dll
0x00007ff93fab0000 - 0x00007ff93fc9d000 	C:\Windows\SYSTEM32\DBGHELP.DLL
0x00007ff93fa80000 - 0x00007ff93faaa000 	C:\Windows\SYSTEM32\dbgcore.DLL
0x00007ff936230000 - 0x00007ff936256000 	C:\Program Files\Java\jdk-13.0.2\bin\java.dll
0x00007ff936210000 - 0x00007ff936227000 	C:\Program Files\Java\jdk-13.0.2\bin\zip.dll
0x00007ff9450a0000 - 0x00007ff9450aa000 	C:\Program Files\Java\jdk-13.0.2\bin\jimage.dll
0x00007ff94d1c0000 - 0x00007ff94e6b4000 	C:\Windows\System32\SHELL32.dll
0x00007ff94c950000 - 0x00007ff94c9f8000 	C:\Windows\System32\shcore.dll
0x00007ff94bcc0000 - 0x00007ff94c40e000 	C:\Windows\System32\windows.storage.dll
0x00007ff94b690000 - 0x00007ff94b6b4000 	C:\Windows\System32\profapi.dll
0x00007ff94b630000 - 0x00007ff94b68d000 	C:\Windows\System32\powrprof.dll
0x00007ff94f110000 - 0x00007ff94f162000 	C:\Windows\System32\shlwapi.dll
0x00007ff94c800000 - 0x00007ff94c817000 	C:\Windows\System32\cryptsp.dll
0x00007ff9361f0000 - 0x00007ff936209000 	C:\Program Files\Java\jdk-13.0.2\bin\net.dll
0x00007ff943240000 - 0x00007ff943332000 	C:\Windows\SYSTEM32\WINHTTP.dll
0x00007ff94ae10000 - 0x00007ff94ae77000 	C:\Windows\system32\mswsock.dll
0x00007ff9361d0000 - 0x00007ff9361e3000 	C:\Program Files\Java\jdk-13.0.2\bin\nio.dll
0x00007ff9450b0000 - 0x00007ff9450d7000 	C:\Users\ELCOT\.gradle\caches\gradle-6.5\native\f6784746aeab05261644944871eae4fe03e0ef1612fff0a4a95f87b438bc6780\windows-amd64\native-platform.dll
0x00007ff941e70000 - 0x00007ff941e79000 	C:\Program Files\Java\jdk-13.0.2\bin\management.dll
0x00007ff941b70000 - 0x00007ff941b7b000 	C:\Program Files\Java\jdk-13.0.2\bin\management_ext.dll
0x00007ff94a940000 - 0x00007ff94a973000 	C:\Windows\system32\rsaenh.dll
0x00007ff94c510000 - 0x00007ff94c536000 	C:\Windows\System32\bcrypt.dll
0x00007ff94b4f0000 - 0x00007ff94b518000 	C:\Windows\SYSTEM32\USERENV.dll
0x00007ff94aff0000 - 0x00007ff94affc000 	C:\Windows\SYSTEM32\CRYPTBASE.dll
0x00007ff94ab40000 - 0x00007ff94ab7d000 	C:\Windows\SYSTEM32\IPHLPAPI.DLL
0x00007ff94d0a0000 - 0x00007ff94d0a8000 	C:\Windows\System32\NSI.dll
0x00007ff943840000 - 0x00007ff943856000 	C:\Windows\SYSTEM32\dhcpcsvc6.DLL
0x00007ff9437f0000 - 0x00007ff94380c000 	C:\Windows\SYSTEM32\dhcpcsvc.DLL
0x00007ff94ab90000 - 0x00007ff94ac57000 	C:\Windows\SYSTEM32\DNSAPI.dll
0x00007ff943f10000 - 0x00007ff943f1b000 	C:\Windows\SYSTEM32\WINNSI.DLL
0x00007ff9361a0000 - 0x00007ff9361c5000 	C:\Program Files\Java\jdk-13.0.2\bin\sunec.dll
0x00007ff93eb50000 - 0x00007ff93eb5a000 	C:\Windows\System32\rasadhlp.dll
0x00007ff93f980000 - 0x00007ff93f9f9000 	C:\Windows\System32\fwpuclnt.dll
0x00007ff93f500000 - 0x00007ff93f50e000 	C:\Program Files\Java\jdk-13.0.2\bin\sunmscapi.dll
0x00007ff94ba60000 - 0x00007ff94bc3c000 	C:\Windows\System32\CRYPT32.dll
0x00007ff94b610000 - 0x00007ff94b622000 	C:\Windows\System32\MSASN1.dll
0x00007ff94b090000 - 0x00007ff94b0b6000 	C:\Windows\SYSTEM32\ncrypt.dll
0x00007ff94b050000 - 0x00007ff94b08c000 	C:\Windows\SYSTEM32\NTASN1.dll
0x00007ff9498e0000 - 0x00007ff94996c000 	C:\Windows\system32\apphelp.dll
0x00007ff92fce0000 - 0x00007ff92fe79000 	C:\Program Files\Java\jdk-13.0.2\bin\awt.dll
0x00007ff94ebb0000 - 0x00007ff94ec74000 	C:\Windows\System32\OLEAUT32.dll
0x00007ff949f90000 - 0x00007ff949fbe000 	C:\Windows\system32\DWMAPI.DLL
0x00007ff949b50000 - 0x00007ff949bec000 	C:\Windows\system32\uxtheme.dll

dbghelp: loaded successfully - version: 4.0.5 - missing functions: none
symbol engine: initialized successfully - sym options: 0x614 - pdb path: .;C:\Program Files\Java\jdk-13.0.2\bin;C:\Windows\SYSTEM32;C:\Windows\WinSxS\amd64_microsoft.windows.common-controls_6595b64144ccf1df_6.0.17763.1217_none_de6e4304534e0ad3;C:\Program Files\Java\jdk-13.0.2\bin\server;C:\Users\ELCOT\.gradle\caches\gradle-6.5\native\f6784746aeab05261644944871eae4fe03e0ef1612fff0a4a95f87b438bc6780\windows-amd64

VM Arguments:
jvm_args: --add-opens=java.base/java.util=ALL-UNNAMED --add-opens=java.base/java.lang=ALL-UNNAMED --add-opens=java.base/java.lang.invoke=ALL-UNNAMED --add-opens=java.prefs/java.util.prefs=ALL-UNNAMED -Xmx1536m -Dfile.encoding=windows-1252 -Duser.country=IN -Duser.language=en -Duser.variant 
java_command: org.gradle.launcher.daemon.bootstrap.GradleDaemon 6.5
java_class_path (initial): C:\Users\ELCOT\.gradle\caches\gradle-6.5\wrapper\dists\gradle-6.5-all\2oz4ud9k3tuxjg84bbf55q0tn\gradle-6.5\lib\gradle-launcher-6.5.jar
Launcher Type: SUN_STANDARD

[Global flags]
     intx CICompilerCount                          = 2                                         {product} {ergonomic}
     uint ConcGCThreads                            = 1                                         {product} {ergonomic}
     uint G1ConcRefinementThreads                  = 2                                         {product} {ergonomic}
   size_t G1HeapRegionSize                         = 1048576                                   {product} {ergonomic}
    uintx GCDrainStackTargetSize                   = 64                                        {product} {ergonomic}
   size_t InitialHeapSize                          = 65011712                                  {product} {ergonomic}
   size_t MarkStackSize                            = 4194304                                   {product} {ergonomic}
   size_t MaxHeapSize                              = 1610612736                                {product} {command line}
   size_t MaxNewSize                               = 965738496                                 {product} {ergonomic}
   size_t MinHeapDeltaBytes                        = 1048576                                   {product} {ergonomic}
   size_t MinHeapSize                              = 8388608                                   {product} {ergonomic}
    uintx NonNMethodCodeHeapSize                   = 5826188                                {pd product} {ergonomic}
    uintx NonProfiledCodeHeapSize                  = 122916026                              {pd product} {ergonomic}
    uintx ProfiledCodeHeapSize                     = 122916026                              {pd product} {ergonomic}
    uintx ReservedCodeCacheSize                    = 251658240                              {pd product} {ergonomic}
     bool SegmentedCodeCache                       = true                                      {product} {ergonomic}
   size_t SoftMaxHeapSize                          = 1610612736                             {manageable} {ergonomic}
     bool UseCompressedClassPointers               = true                                 {lp64_product} {ergonomic}
     bool UseCompressedOops                        = true                                 {lp64_product} {ergonomic}
     bool UseG1GC                                  = true                                      {product} {ergonomic}
     bool UseLargePagesIndividualAllocation        = false                                  {pd product} {ergonomic}

Logging:
Log output configuration:
 #0: stdout all=warning uptime,level,tags
 #1: stderr all=off uptime,level,tags

Environment Variables:
JAVA_HOME=C:\Program Files\Android\Android Studio\jre
PATH=C:\Program Files\AdoptOpenJDK\jdk-11.0.7.10-hotspot\bin;C:\Program Files (x86)\Common Files\Oracle\Java\javapath;C:\MinGW\bin;C:\Windows\system32;C:\Windows;C:\Windows\System32\Wbem;C:\Windows\System32\WindowsPowerShell\v1.0\;C:\Windows\System32\OpenSSH\;C:\Program Files\nodejs\;C:\Users\ELCOT\Downloads\python-3.8.2;C:\Program Files\Dart\dart-sdk\bin;C:\drivers\chromedriver_win32.zip;C:\src\flutter\flutter_windows_v1.12.13+hotfix.9-stable\flutter\bin;C:\Program Files (x86)\Android\android-sdk\platforms\platform-tools;C:\Program Files (x86)\Android\android-sdk\platform-tools\api;C:\Downloads\installer_r16-windows.exe;C:\ProgramData\Microsoft\Windows\Start Menu\Programs\Android SDK Tools;D:\kishoreAndroid\Android\Android Studio\bin;D:\kishoreAndroid\Android\Android Studio;C:\ProgramData\Microsoft\Windows\Start Menu\Programs\Visual Studio Emulator for Android.lnk;C:\Downloads\vs_emulatorsetup.exe;C:\Program Files (x86)\Android\android-sdk\SDK Manager;D:\Kishore\platforms;C:\Users\ELCOT\AppData\Local\Programs\Python\Python38\Scripts\;C:\Users\;C:\Program Files\Android\Android Studio\jre;C:\Program Files\Java\jdk-13.0.2\bin;C:\Program Files\Java\jre1.8.0_251\bin;C:\Program Files (x86)\Android\platform-tools;C:\Downloads\python-3.8.2.exe;C:\Program Files\dotnet\;C:\Program Files\Microsoft SQL Server\130\Tools\Binn\;C:\Program Files\Microsoft SQL Server\Client SDK\ODBC\170\Tools\Binn\;D:\Git\cmd;C:\Users\ELCOT\AppData\Roaming\npm;C:\Users\ELCOT\AppData\Local\Programs\Python\Python39\Scripts\;C:\Users\ELCOT\AppData\Local\Programs\Python\Python39\;C:\Users\ELCOT\AppData\Local\ValidatorBuddy;C:\Users\ELCOT\AppData\Local\Programs\Python\Python38;C:\src\flutter\bin;D:\Heroku\bin;D:\Microsoft VS Code\bin;C:\Users\ELCOT\AppData\Roaming\npm\node_modules\firebase\node_modules\protobufjs\bin;
USERNAME=ELCOT
OS=Windows_NT
PROCESSOR_IDENTIFIER=AMD64 Family 21 Model 112 Stepping 0, AuthenticAMD



---------------  S Y S T E M  ---------------

OS: Windows 10 , 64 bit Build 17763 (10.0.17763.1158)
HyperV virtualization detected

CPU:total 2 (initial active 2) (2 cores per cpu, 1 threads per core) family 21 model 112 stepping 0, cmov, cx8, fxsr, mmx, sse, sse2, sse3, ssse3, sse4.1, sse4.2, popcnt, avx, avx2, aes, clmul, mmxext, 3dnowpref, lzcnt, sse4a, tsc, tscinvbit, tscinv, bmi1, bmi2, fma

Memory: 4k page, system-wide physical 3935M (342M free)
TotalPageFile size 5322M (AvailPageFile size 97M)
current process WorkingSet (physical memory assigned to process): 575M, peak: 583M
current process commit charge ("private bytes"): 648M, peak: 846M

vm_info: Java HotSpot(TM) 64-Bit Server VM (13.0.2+8) for windows-amd64 JRE (13.0.2+8), built on Dec 11 2019 09:20:33 by "mach5one" with unknown MS VC++:1916

END.
